TN:
SF:src/routes.ts
FNF:0
FNH:0
DA:2,0
DA:3,0
DA:6,0
DA:7,0
DA:8,0
DA:11,0
DA:14,0
DA:17,0
DA:18,0
DA:21,0
DA:22,0
DA:24,0
LF:12
LH:0
BRF:0
BRH:0
end_of_record
TN:
SF:src/seed.ts
FN:6,main
FN:31,(anonymous_10)
FN:35,(anonymous_11)
FN:35,(anonymous_12)
FNF:4
FNH:0
FNDA:0,main
FNDA:0,(anonymous_10)
FNDA:0,(anonymous_11)
FNDA:0,(anonymous_12)
DA:1,0
DA:2,0
DA:4,0
DA:7,0
DA:9,0
DA:11,0
DA:21,0
DA:22,0
DA:24,0
DA:26,0
DA:30,0
DA:32,0
DA:33,0
DA:35,0
DA:36,0
LF:15
LH:0
BRF:0
BRH:0
end_of_record
TN:
SF:src/core/base/BaseController.ts
FN:8,(anonymous_12)
FN:13,(anonymous_13)
FN:29,(anonymous_15)
FN:59,(anonymous_17)
FN:68,(anonymous_19)
FN:78,(anonymous_21)
FNF:6
FNH:0
FNDA:0,(anonymous_12)
FNDA:0,(anonymous_13)
FNDA:0,(anonymous_15)
FNDA:0,(anonymous_17)
FNDA:0,(anonymous_19)
FNDA:0,(anonymous_21)
DA:2,0
DA:3,0
DA:4,0
DA:7,0
DA:9,0
DA:10,0
DA:14,0
DA:15,0
DA:16,0
DA:18,0
DA:19,0
DA:20,0
DA:23,0
DA:25,0
DA:30,0
DA:31,0
DA:32,0
DA:34,0
DA:43,0
DA:45,0
DA:55,0
DA:60,0
DA:61,0
DA:62,0
DA:64,0
DA:69,0
DA:70,0
DA:71,0
DA:72,0
DA:74,0
DA:79,0
DA:80,0
DA:81,0
DA:82,0
DA:84,0
LF:35
LH:0
BRDA:18,0,0,0
BRDA:31,1,0,0
BRDA:31,2,0,0
BRDA:31,3,0,0
BRDA:31,4,0,0
BRF:5
BRH:0
end_of_record
TN:
SF:src/core/base/BaseRepository.ts
FN:10,(anonymous_12)
FN:14,(anonymous_13)
FN:25,(anonymous_15)
FN:39,(anonymous_17)
FN:48,(anonymous_19)
FN:60,(anonymous_21)
FN:71,(anonymous_23)
FNF:7
FNH:0
FNDA:0,(anonymous_12)
FNDA:0,(anonymous_13)
FNDA:0,(anonymous_15)
FNDA:0,(anonymous_17)
FNDA:0,(anonymous_19)
FNDA:0,(anonymous_21)
FNDA:0,(anonymous_23)
DA:2,1
DA:3,1
DA:4,1
DA:6,1
DA:10,0
DA:11,0
DA:15,0
DA:16,0
DA:20,0
DA:21,0
DA:31,0
DA:32,0
DA:34,0
DA:35,0
DA:40,0
DA:41,0
DA:43,0
DA:44,0
DA:49,0
DA:50,0
DA:55,0
DA:56,0
DA:61,0
DA:62,0
DA:66,0
DA:67,0
DA:72,0
DA:73,0
DA:75,0
DA:76,0
LF:30
LH:4
BRF:0
BRH:0
end_of_record
TN:
SF:src/core/base/BaseRouter.ts
FN:27,(anonymous_3)
FN:54,(anonymous_4)
FN:62,(anonymous_5)
FN:72,(anonymous_6)
FNF:4
FNH:0
FNDA:0,(anonymous_3)
FNDA:0,(anonymous_4)
FNDA:0,(anonymous_5)
FNDA:0,(anonymous_6)
DA:2,0
DA:3,0
DA:4,0
DA:5,0
DA:6,0
DA:13,0
DA:34,0
DA:35,0
DA:38,0
DA:45,0
DA:47,0
DA:55,0
DA:63,0
DA:77,0
DA:78,0
DA:82,0
LF:16
LH:0
BRDA:32,0,0,0
BRF:1
BRH:0
end_of_record
TN:
SF:src/core/base/BaseService.ts
FN:15,(anonymous_8)
FN:27,(anonymous_9)
FN:43,(anonymous_11)
FN:62,(anonymous_13)
FN:85,(anonymous_15)
FN:116,(anonymous_17)
FN:141,(anonymous_19)
FN:155,(anonymous_21)
FN:181,(anonymous_23)
FN:192,(anonymous_24)
FN:211,(anonymous_25)
FN:221,(anonymous_27)
FN:234,(anonymous_29)
FNF:13
FNH:3
FNDA:9,(anonymous_8)
FNDA:2,(anonymous_9)
FNDA:0,(anonymous_11)
FNDA:0,(anonymous_13)
FNDA:0,(anonymous_15)
FNDA:0,(anonymous_17)
FNDA:0,(anonymous_19)
FNDA:0,(anonymous_21)
FNDA:2,(anonymous_23)
FNDA:0,(anonymous_24)
FNDA:0,(anonymous_25)
FNDA:0,(anonymous_27)
FNDA:0,(anonymous_29)
DA:2,1
DA:9,1
DA:11,1
DA:16,9
DA:18,9
DA:28,2
DA:30,2
DA:32,2
DA:33,1
DA:36,1
DA:49,0
DA:50,0
DA:52,0
DA:53,0
DA:63,0
DA:64,0
DA:67,0
DA:69,0
DA:71,0
DA:73,0
DA:74,0
DA:86,0
DA:88,0
DA:89,0
DA:92,0
DA:94,0
DA:97,0
DA:99,0
DA:101,0
DA:102,0
DA:105,0
DA:106,0
DA:117,0
DA:119,0
DA:121,0
DA:124,0
DA:126,0
DA:128,0
DA:129,0
DA:132,0
DA:133,0
DA:142,0
DA:143,0
DA:145,0
DA:146,0
DA:156,0
DA:157,0
DA:159,0
DA:160,0
DA:163,0
DA:165,0
DA:166,0
DA:169,0
DA:170,0
DA:182,2
DA:183,0
DA:194,0
DA:200,0
DA:204,0
LF:59
LH:11
BRDA:32,0,0,1
BRDA:63,1,0,0
BRDA:63,2,0,0
BRDA:63,2,1,0
BRDA:88,3,0,0
BRDA:88,4,0,0
BRDA:88,4,1,0
BRDA:101,5,0,0
BRDA:101,6,0,0
BRDA:101,6,1,0
BRDA:128,7,0,0
BRDA:128,8,0,0
BRDA:128,8,1,0
BRDA:159,9,0,0
BRDA:159,10,0,0
BRDA:159,10,1,0
BRDA:165,11,0,0
BRDA:182,12,0,0
BRDA:194,13,0,0
BRDA:195,14,0,0
BRDA:195,14,1,0
BRDA:195,14,2,0
BRDA:195,14,3,0
BRF:23
BRH:1
end_of_record
TN:
SF:src/core/base/RouteFactory.ts
FN:10,(anonymous_1)
FN:20,(anonymous_2)
FN:51,(anonymous_3)
FN:52,(anonymous_4)
FN:56,(anonymous_5)
FN:64,(anonymous_6)
FNF:6
FNH:0
FNDA:0,(anonymous_1)
FNDA:0,(anonymous_2)
FNDA:0,(anonymous_3)
FNDA:0,(anonymous_4)
FNDA:0,(anonymous_5)
FNDA:0,(anonymous_6)
DA:1,0
DA:3,0
DA:5,0
DA:7,0
DA:11,0
DA:12,0
DA:13,0
DA:14,0
DA:16,0
DA:17,0
DA:22,0
DA:23,0
DA:27,0
DA:30,0
DA:33,0
DA:40,0
DA:47,0
DA:52,0
DA:61,0
DA:65,0
LF:20
LH:0
BRDA:14,0,0,0
BRDA:22,1,0,0
BRDA:35,2,0,0
BRDA:35,2,1,0
BRDA:42,3,0,0
BRDA:42,3,1,0
BRF:6
BRH:0
end_of_record
TN:
SF:src/core/errors/AppError.ts
FN:4,(anonymous_1)
FN:18,(anonymous_2)
FN:28,(anonymous_3)
FN:38,(anonymous_4)
FN:48,(anonymous_5)
FN:61,(anonymous_6)
FN:71,(anonymous_7)
FNF:7
FNH:2
FNDA:0,(anonymous_1)
FNDA:0,(anonymous_2)
FNDA:0,(anonymous_3)
FNDA:0,(anonymous_4)
FNDA:2,(anonymous_5)
FNDA:1,(anonymous_6)
FNDA:0,(anonymous_7)
DA:1,2
DA:3,2
DA:5,0
DA:6,0
DA:7,0
DA:9,0
DA:10,0
DA:11,0
DA:15,2
DA:16,0
DA:19,0
DA:20,0
DA:21,0
DA:25,2
DA:26,0
DA:29,0
DA:30,0
DA:31,0
DA:35,2
DA:36,0
DA:39,0
DA:40,0
DA:41,0
DA:45,2
DA:46,2
DA:49,2
DA:52,2
DA:53,2
DA:54,2
DA:58,2
DA:59,1
DA:62,1
DA:63,1
DA:64,1
DA:68,2
DA:69,0
DA:72,0
DA:73,0
DA:74,0
LF:39
LH:17
BRDA:18,0,0,0
BRDA:28,1,0,0
BRDA:38,2,0,0
BRDA:49,3,0,1
BRDA:49,3,1,1
BRDA:61,4,0,0
BRDA:71,5,0,0
BRF:7
BRH:2
end_of_record
TN:
SF:src/core/middlewares/RequestValidation.middleware.ts
FN:8,(anonymous_1)
FN:9,(anonymous_2)
FN:15,(anonymous_3)
FNF:3
FNH:0
FNDA:0,(anonymous_1)
FNDA:0,(anonymous_2)
FNDA:0,(anonymous_3)
DA:3,0
DA:4,0
DA:5,0
DA:7,0
DA:8,0
DA:9,0
DA:10,0
DA:11,0
DA:13,0
DA:15,0
DA:20,0
DA:21,0
DA:22,0
DA:26,0
DA:27,0
DA:29,0
LF:16
LH:0
BRDA:13,0,0,0
BRDA:26,1,0,0
BRDA:26,1,1,0
BRF:3
BRH:0
end_of_record
TN:
SF:src/core/middlewares/auth.middleware.ts
FN:8,authMiddleware
FNF:1
FNH:0
FNDA:0,authMiddleware
DA:2,0
DA:4,0
DA:6,0
DA:8,0
DA:13,0
DA:14,0
DA:16,0
DA:17,0
DA:20,0
DA:21,0
DA:24,0
DA:29,0
DA:31,0
LF:13
LH:0
BRDA:14,0,0,0
BRDA:14,0,1,0
BRDA:14,1,0,0
BRDA:14,1,1,0
BRDA:16,2,0,0
BRF:5
BRH:0
end_of_record
TN:
SF:src/core/middlewares/errors.middleware.ts
FN:23,(anonymous_5)
FN:29,(anonymous_6)
FN:82,(anonymous_7)
FN:107,(anonymous_8)
FNF:4
FNH:0
FNDA:0,(anonymous_5)
FNDA:0,(anonymous_6)
FNDA:0,(anonymous_7)
FNDA:0,(anonymous_8)
DA:2,0
DA:3,0
DA:4,0
DA:5,0
DA:6,0
DA:7,0
DA:8,0
DA:20,0
DA:24,0
DA:26,0
DA:30,0
DA:38,0
DA:39,0
DA:40,0
DA:44,0
DA:46,0
DA:47,0
DA:50,0
DA:51,0
DA:54,0
DA:55,0
DA:58,0
DA:59,0
DA:62,0
DA:67,0
DA:70,0
DA:71,0
DA:74,0
DA:79,0
DA:82,0
DA:86,0
DA:91,0
DA:94,0
DA:95,0
DA:98,0
DA:103,0
DA:108,0
DA:110,0
DA:115,0
DA:118,0
DA:122,0
DA:125,0
DA:130,0
LF:43
LH:0
BRDA:38,0,0,0
BRDA:44,1,0,0
BRDA:44,1,1,0
BRDA:44,1,2,0
BRDA:44,1,3,0
BRDA:44,1,4,0
BRDA:44,1,5,0
BRDA:44,1,6,0
BRDA:44,1,7,0
BRDA:44,1,8,0
BRDA:44,1,9,0
BRDA:108,2,0,0
BRDA:108,2,1,0
BRDA:108,2,2,0
BRDA:112,3,0,0
BRDA:112,3,1,0
BRDA:112,4,0,0
BRDA:112,4,1,0
BRDA:112,5,0,0
BRDA:112,5,1,0
BRF:20
BRH:0
end_of_record
TN:
SF:src/core/middlewares/parseQueryParams.middleware.ts
FN:5,(anonymous_0)
FNF:1
FNH:0
FNDA:0,(anonymous_0)
DA:3,0
DA:5,0
DA:6,0
DA:13,0
DA:16,0
DA:17,0
DA:18,0
DA:19,0
DA:21,0
DA:30,0
DA:32,0
DA:36,0
LF:12
LH:0
BRDA:8,0,0,0
BRDA:9,1,0,0
BRDA:10,2,0,0
BRDA:11,3,0,0
BRDA:12,4,0,0
BRDA:16,5,0,0
BRDA:16,5,1,0
BRDA:17,6,0,0
BRDA:17,6,1,0
BRDA:19,7,0,0
BRDA:19,7,1,0
BRDA:19,8,0,0
BRDA:19,8,1,0
BRDA:25,9,0,0
BRDA:25,9,1,0
BRDA:26,10,0,0
BRDA:26,10,1,0
BRF:17
BRH:0
end_of_record
TN:
SF:src/core/utils/HttpStatusCode.ts
FN:1,(anonymous_0)
FNF:1
FNH:1
FNDA:2,(anonymous_0)
DA:1,2
DA:3,2
DA:4,2
DA:5,2
DA:6,2
DA:9,2
DA:10,2
DA:11,2
DA:12,2
DA:13,2
DA:14,2
DA:15,2
DA:16,2
DA:17,2
DA:18,2
DA:21,2
DA:22,2
DA:23,2
DA:24,2
DA:25,2
DA:26,2
DA:27,2
DA:28,2
DA:31,2
DA:32,2
DA:33,2
DA:34,2
DA:35,2
DA:36,2
DA:37,2
DA:38,2
DA:39,2
DA:40,2
DA:41,2
DA:42,2
DA:43,2
DA:44,2
DA:45,2
DA:46,2
DA:47,2
DA:48,2
DA:49,2
DA:50,2
DA:51,2
DA:52,2
DA:53,2
DA:54,2
DA:55,2
DA:56,2
DA:57,2
DA:58,2
DA:59,2
DA:62,2
DA:63,2
DA:64,2
DA:65,2
DA:66,2
DA:67,2
DA:68,2
DA:69,2
DA:70,2
DA:71,2
DA:72,2
DA:75,2
LF:64
LH:64
BRDA:1,0,0,2
BRDA:1,0,1,2
BRF:2
BRH:2
end_of_record
TN:
SF:src/core/utils/handlePrismaErrors.ts
FN:5,handlePrismaError
FNF:1
FNH:0
FNDA:0,handlePrismaError
DA:1,1
DA:2,1
DA:3,1
DA:5,1
DA:9,0
DA:11,0
DA:13,0
DA:14,0
DA:20,0
DA:21,0
DA:25,0
DA:26,0
DA:32,0
DA:33,0
DA:40,0
DA:46,0
DA:49,1
LF:17
LH:5
BRDA:11,0,0,0
BRDA:13,1,0,0
BRDA:15,2,0,0
BRDA:15,2,1,0
BRDA:15,3,0,0
BRDA:15,3,1,0
BRDA:15,4,0,0
BRDA:15,4,1,0
BRDA:20,5,0,0
BRDA:21,6,0,0
BRDA:21,6,1,0
BRDA:21,7,0,0
BRDA:21,7,1,0
BRDA:21,8,0,0
BRDA:21,8,1,0
BRDA:21,9,0,0
BRDA:21,9,1,0
BRDA:21,10,0,0
BRDA:21,10,1,0
BRDA:25,11,0,0
BRDA:27,12,0,0
BRDA:27,12,1,0
BRDA:27,13,0,0
BRDA:27,13,1,0
BRDA:27,14,0,0
BRDA:27,14,1,0
BRDA:32,15,0,0
BRDA:34,16,0,0
BRDA:34,16,1,0
BRDA:34,17,0,0
BRDA:34,17,1,0
BRDA:34,18,0,0
BRDA:34,18,1,0
BRDA:43,19,0,0
BRDA:43,19,1,0
BRDA:43,20,0,0
BRDA:43,20,1,0
BRDA:44,21,0,0
BRDA:44,21,1,0
BRDA:44,22,0,0
BRDA:44,22,1,0
BRF:41
BRH:0
end_of_record
TN:
SF:src/core/utils/jwt.utils.ts
FN:10,(anonymous_10)
FN:16,(anonymous_11)
FN:29,(anonymous_12)
FN:38,(anonymous_13)
FN:47,(anonymous_14)
FN:56,(anonymous_15)
FN:69,(anonymous_16)
FN:82,(anonymous_17)
FNF:8
FNH:0
FNDA:0,(anonymous_10)
FNDA:0,(anonymous_11)
FNDA:0,(anonymous_12)
FNDA:0,(anonymous_13)
FNDA:0,(anonymous_14)
FNDA:0,(anonymous_15)
FNDA:0,(anonymous_16)
FNDA:0,(anonymous_17)
DA:1,0
DA:5,0
DA:6,0
DA:10,0
DA:11,0
DA:12,0
DA:13,0
DA:14,0
DA:21,0
DA:22,0
DA:30,0
DA:31,0
DA:39,0
DA:40,0
DA:41,0
DA:43,0
DA:48,0
DA:49,0
DA:50,0
DA:52,0
DA:57,0
DA:58,0
DA:63,0
DA:65,0
DA:70,0
DA:71,0
DA:76,0
DA:78,0
DA:83,0
DA:84,0
DA:88,0
DA:90,0
LF:32
LH:0
BRDA:11,0,0,0
BRDA:11,0,1,0
BRDA:11,1,0,0
BRDA:11,1,1,0
BRDA:12,2,0,0
BRDA:12,2,1,0
BRDA:13,3,0,0
BRDA:13,3,1,0
BRDA:13,4,0,0
BRDA:13,4,1,0
BRDA:14,5,0,0
BRDA:14,5,1,0
BRF:12
BRH:0
end_of_record
TN:
SF:src/core/utils/response.utils.ts
FN:23,(anonymous_2)
FN:32,(anonymous_3)
FN:41,(anonymous_4)
FN:50,(anonymous_5)
FN:59,(anonymous_6)
FN:75,(anonymous_7)
FN:84,(anonymous_8)
FN:93,(anonymous_9)
FNF:8
FNH:0
FNDA:0,(anonymous_2)
FNDA:0,(anonymous_3)
FNDA:0,(anonymous_4)
FNDA:0,(anonymous_5)
FNDA:0,(anonymous_6)
FNDA:0,(anonymous_7)
FNDA:0,(anonymous_8)
FNDA:0,(anonymous_9)
DA:1,0
DA:3,0
DA:21,0
DA:28,0
DA:37,0
DA:46,0
DA:55,0
DA:65,0
DA:80,0
DA:89,0
DA:98,0
DA:102,0
LF:12
LH:0
BRDA:26,0,0,0
BRDA:34,1,0,0
BRDA:35,2,0,0
BRDA:44,3,0,0
BRDA:53,4,0,0
BRDA:63,5,0,0
BRDA:77,6,0,0
BRDA:78,7,0,0
BRDA:86,8,0,0
BRDA:87,9,0,0
BRDA:96,10,0,0
BRF:11
BRH:0
end_of_record
TN:
SF:src/modules/auth/auth.container.ts
FN:25,(anonymous_1)
FNF:1
FNH:0
FNDA:0,(anonymous_1)
DA:1,0
DA:2,0
DA:3,0
DA:4,0
DA:9,0
DA:14,0
DA:19,0
DA:25,0
LF:8
LH:0
BRF:0
BRH:0
end_of_record
TN:
SF:src/modules/auth/auth.controller.ts
FN:10,(anonymous_12)
FN:15,(anonymous_13)
FN:25,(anonymous_15)
FN:35,(anonymous_17)
FN:50,(anonymous_19)
FNF:5
FNH:0
FNDA:0,(anonymous_12)
FNDA:0,(anonymous_13)
FNDA:0,(anonymous_15)
FNDA:0,(anonymous_17)
FNDA:0,(anonymous_19)
DA:2,0
DA:4,0
DA:6,0
DA:9,0
DA:11,0
DA:12,0
DA:16,0
DA:17,0
DA:18,0
DA:19,0
DA:21,0
DA:26,0
DA:27,0
DA:28,0
DA:29,0
DA:31,0
DA:36,0
DA:37,0
DA:39,0
DA:40,0
DA:43,0
DA:44,0
DA:46,0
DA:51,0
DA:52,0
DA:54,0
DA:55,0
DA:58,0
DA:59,0
DA:61,0
LF:30
LH:0
BRDA:39,0,0,0
BRDA:52,1,0,0
BRDA:52,1,1,0
BRDA:52,2,0,0
BRDA:52,2,1,0
BRDA:54,3,0,0
BRF:6
BRH:0
end_of_record
TN:
SF:src/modules/auth/auth.routes.ts
FN:15,(anonymous_1)
FN:21,(anonymous_2)
FN:26,(anonymous_3)
FN:33,(anonymous_4)
FNF:4
FNH:0
FNDA:0,(anonymous_1)
FNDA:0,(anonymous_2)
FNDA:0,(anonymous_3)
FNDA:0,(anonymous_4)
DA:1,0
DA:2,0
DA:3,0
DA:4,0
DA:5,0
DA:6,0
DA:8,0
DA:9,0
DA:12,0
DA:15,0
DA:18,0
DA:21,0
DA:24,0
DA:26,0
DA:30,0
DA:33,0
DA:36,0
LF:17
LH:0
BRF:0
BRH:0
end_of_record
TN:
SF:src/modules/auth/auth.service.ts
FN:17,(anonymous_12)
FN:23,(anonymous_13)
FN:59,(anonymous_15)
FN:97,(anonymous_17)
FN:146,(anonymous_19)
FNF:5
FNH:0
FNDA:0,(anonymous_12)
FNDA:0,(anonymous_13)
FNDA:0,(anonymous_15)
FNDA:0,(anonymous_17)
FNDA:0,(anonymous_19)
DA:1,0
DA:2,0
DA:6,0
DA:8,0
DA:16,0
DA:18,0
DA:19,0
DA:20,0
DA:24,0
DA:25,0
DA:26,0
DA:28,0
DA:30,0
DA:36,0
DA:41,0
DA:43,0
DA:44,0
DA:46,0
DA:52,0
DA:54,0
DA:55,0
DA:60,0
DA:61,0
DA:62,0
DA:64,0
DA:68,0
DA:70,0
DA:75,0
DA:76,0
DA:77,0
DA:79,0
DA:85,0
DA:87,0
DA:91,0
DA:93,0
DA:98,0
DA:99,0
DA:102,0
DA:104,0
DA:109,0
DA:112,0
DA:113,0
DA:115,0
DA:120,0
DA:125,0
DA:126,0
DA:128,0
DA:134,0
DA:136,0
DA:140,0
DA:142,0
DA:147,0
DA:148,0
DA:149,0
DA:151,0
DA:152,0
DA:154,0
LF:57
LH:0
BRDA:26,0,0,0
BRDA:39,1,0,0
BRDA:39,1,1,0
BRDA:54,2,0,0
BRDA:62,3,0,0
BRDA:66,4,0,0
BRDA:66,4,1,0
BRDA:68,5,0,0
BRDA:73,6,0,0
BRDA:73,6,1,0
BRDA:87,7,0,0
BRDA:88,8,0,0
BRDA:88,8,1,0
BRDA:104,9,0,0
BRDA:105,10,0,0
BRDA:105,10,1,0
BRDA:105,10,2,0
BRDA:113,11,0,0
BRDA:118,12,0,0
BRDA:118,12,1,0
BRDA:136,13,0,0
BRDA:137,14,0,0
BRDA:137,14,1,0
BRDA:151,15,0,0
BRF:24
BRH:0
end_of_record
TN:
SF:src/modules/auth/refreshToken.repository.ts
FN:11,(anonymous_12)
FN:18,(anonymous_13)
FN:67,(anonymous_15)
FN:77,(anonymous_17)
FN:87,(anonymous_19)
FN:109,(anonymous_21)
FNF:6
FNH:0
FNDA:0,(anonymous_12)
FNDA:0,(anonymous_13)
FNDA:0,(anonymous_15)
FNDA:0,(anonymous_17)
FNDA:0,(anonymous_19)
FNDA:0,(anonymous_21)
DA:2,0
DA:4,0
DA:5,0
DA:8,0
DA:9,0
DA:12,0
DA:23,0
DA:28,0
DA:29,0
DA:30,0
DA:31,0
DA:33,0
DA:34,0
DA:35,0
DA:39,0
DA:43,0
DA:45,0
DA:54,0
DA:63,0
DA:68,0
DA:69,0
DA:73,0
DA:78,0
DA:79,0
DA:83,0
DA:88,0
DA:89,0
DA:93,0
DA:94,0
DA:97,0
DA:105,0
DA:110,0
DA:111,0
DA:115,0
DA:116,0
DA:119,0
DA:123,0
LF:37
LH:0
BRDA:28,0,0,0
BRDA:28,0,1,0
BRDA:43,1,0,0
BRDA:43,1,1,0
BRDA:93,2,0,0
BRDA:115,3,0,0
BRF:6
BRH:0
end_of_record
TN:
SF:src/modules/driver/driver.container.ts
FN:7,registerDriverDependencies
FNF:1
FNH:0
FNDA:0,registerDriverDependencies
DA:1,0
DA:2,0
DA:3,0
DA:4,0
DA:5,0
DA:7,0
DA:9,0
DA:10,0
DA:13,0
DA:14,0
DA:15,0
DA:16,0
LF:12
LH:0
BRF:0
BRH:0
end_of_record
TN:
SF:src/modules/driver/driver.controller.ts
FN:12,(anonymous_12)
FN:19,(anonymous_13)
FN:37,(anonymous_15)
FN:57,(anonymous_17)
FN:70,(anonymous_19)
FNF:5
FNH:0
FNDA:0,(anonymous_12)
FNDA:0,(anonymous_13)
FNDA:0,(anonymous_15)
FNDA:0,(anonymous_17)
FNDA:0,(anonymous_19)
DA:2,0
DA:3,0
DA:4,0
DA:5,0
DA:8,0
DA:11,0
DA:13,0
DA:16,0
DA:20,0
DA:21,0
DA:23,0
DA:31,0
DA:33,0
DA:38,0
DA:39,0
DA:41,0
DA:42,0
DA:45,0
DA:47,0
DA:48,0
DA:51,0
DA:53,0
DA:58,0
DA:59,0
DA:60,0
DA:62,0
DA:64,0
DA:66,0
DA:71,0
DA:72,0
DA:73,0
DA:76,0
DA:78,0
DA:79,0
DA:82,0
DA:84,0
LF:36
LH:0
BRDA:39,0,0,0
BRDA:39,0,1,0
BRDA:39,1,0,0
BRDA:39,1,1,0
BRDA:39,2,0,0
BRDA:39,2,1,0
BRDA:41,3,0,0
BRDA:47,4,0,0
BRDA:72,5,0,0
BRDA:72,6,0,0
BRDA:72,6,1,0
BRDA:72,7,0,0
BRDA:72,7,1,0
BRDA:78,8,0,0
BRF:14
BRH:0
end_of_record
TN:
SF:src/modules/driver/driver.repository.ts
FN:12,(anonymous_12)
FN:16,(anonymous_13)
FN:22,(anonymous_15)
FN:41,(anonymous_17)
FNF:4
FNH:0
FNDA:0,(anonymous_12)
FNDA:0,(anonymous_13)
FNDA:0,(anonymous_15)
FNDA:0,(anonymous_17)
DA:1,1
DA:2,1
DA:5,1
DA:6,1
DA:9,1
DA:10,0
DA:13,0
DA:17,0
DA:29,0
DA:42,0
DA:43,0
DA:44,0
DA:47,0
LF:13
LH:5
BRDA:43,0,0,0
BRF:1
BRH:0
end_of_record
TN:
SF:src/modules/driver/driver.routes.ts
FN:13,(anonymous_3)
FN:20,(anonymous_4)
FN:28,(anonymous_5)
FN:34,(anonymous_6)
FN:40,(anonymous_7)
FN:46,(anonymous_8)
FN:52,(anonymous_9)
FN:59,(anonymous_10)
FN:66,(anonymous_11)
FN:72,(anonymous_12)
FN:76,(anonymous_13)
FNF:11
FNH:0
FNDA:0,(anonymous_3)
FNDA:0,(anonymous_4)
FNDA:0,(anonymous_5)
FNDA:0,(anonymous_6)
FNDA:0,(anonymous_7)
FNDA:0,(anonymous_8)
FNDA:0,(anonymous_9)
FNDA:0,(anonymous_10)
FNDA:0,(anonymous_11)
FNDA:0,(anonymous_12)
FNDA:0,(anonymous_13)
DA:1,0
DA:2,0
DA:3,0
DA:5,0
DA:6,0
DA:7,0
DA:10,0
DA:14,0
DA:16,0
DA:17,0
DA:24,0
DA:28,0
DA:31,0
DA:34,0
DA:37,0
DA:40,0
DA:43,0
DA:46,0
DA:49,0
DA:52,0
DA:55,0
DA:59,0
DA:62,0
DA:66,0
DA:69,0
DA:72,0
DA:77,0
LF:27
LH:0
BRF:0
BRH:0
end_of_record
TN:
SF:src/modules/driver/driver.service.ts
FN:13,(anonymous_11)
FN:22,(anonymous_12)
FN:26,(anonymous_14)
FN:42,(anonymous_16)
FN:51,(anonymous_18)
FNF:5
FNH:5
FNDA:9,(anonymous_11)
FNDA:1,(anonymous_12)
FNDA:2,(anonymous_14)
FNDA:2,(anonymous_16)
FNDA:3,(anonymous_18)
DA:1,1
DA:2,1
DA:6,1
DA:7,1
DA:10,1
DA:11,9
DA:14,9
DA:17,9
DA:23,1
DA:34,2
DA:35,2
DA:36,1
DA:39,1
DA:43,2
DA:44,2
DA:45,1
DA:48,1
DA:52,3
DA:53,2
DA:56,1
LF:20
LH:20
BRDA:35,0,0,1
BRDA:44,1,0,1
BRDA:52,2,0,2
BRDA:52,3,0,3
BRDA:52,3,1,2
BRF:5
BRH:5
end_of_record
TN:
SF:src/modules/driver/validations/driver.validation.ts
FN:7,(anonymous_0)
FN:16,(anonymous_1)
FNF:2
FNH:0
FNDA:0,(anonymous_0)
FNDA:0,(anonymous_1)
DA:1,0
DA:3,0
DA:7,0
DA:13,0
DA:16,0
DA:23,0
LF:6
LH:0
BRF:0
BRH:0
end_of_record
TN:
SF:src/modules/user/user.container.ts
FN:7,registerUserDependencies
FNF:1
FNH:0
FNDA:0,registerUserDependencies
DA:1,0
DA:2,0
DA:3,0
DA:4,0
DA:5,0
DA:7,0
DA:9,0
DA:12,0
DA:13,0
DA:14,0
DA:15,0
DA:18,0
DA:19,0
LF:13
LH:0
BRF:0
BRH:0
end_of_record
TN:
SF:src/modules/user/user.controller.ts
FN:10,(anonymous_12)
FN:17,(anonymous_13)
FNF:2
FNH:0
FNDA:0,(anonymous_12)
FNDA:0,(anonymous_13)
DA:2,0
DA:3,0
DA:4,0
DA:5,0
DA:9,0
DA:11,0
DA:14,0
DA:18,0
DA:19,0
DA:20,0
DA:21,0
DA:23,0
LF:12
LH:0
BRDA:19,0,0,0
BRDA:19,0,1,0
BRDA:19,1,0,0
BRDA:19,1,1,0
BRDA:19,2,0,0
BRDA:19,2,1,0
BRF:6
BRH:0
end_of_record
TN:
SF:src/modules/user/user.repository.ts
FN:11,(anonymous_12)
FN:15,(anonymous_13)
FN:19,(anonymous_15)
FN:35,(anonymous_17)
FN:42,(anonymous_19)
FNF:5
FNH:0
FNDA:0,(anonymous_12)
FNDA:0,(anonymous_13)
FNDA:0,(anonymous_15)
FNDA:0,(anonymous_17)
FNDA:0,(anonymous_19)
DA:1,0
DA:2,0
DA:4,0
DA:8,0
DA:9,0
DA:12,0
DA:16,0
DA:20,0
DA:29,0
DA:36,0
DA:43,0
LF:11
LH:0
BRF:0
BRH:0
end_of_record
TN:
SF:src/modules/user/user.routes.ts
FN:13,(anonymous_3)
FN:21,(anonymous_4)
FN:25,(anonymous_5)
FN:30,(anonymous_6)
FN:35,(anonymous_7)
FNF:5
FNH:0
FNDA:0,(anonymous_3)
FNDA:0,(anonymous_4)
FNDA:0,(anonymous_5)
FNDA:0,(anonymous_6)
FNDA:0,(anonymous_7)
DA:1,0
DA:2,0
DA:3,0
DA:4,0
DA:6,0
DA:9,0
DA:14,0
DA:16,0
DA:17,0
DA:18,0
DA:23,0
DA:25,0
DA:28,0
DA:30,0
DA:36,0
LF:15
LH:0
BRF:0
BRH:0
end_of_record
TN:
SF:src/modules/user/user.service.ts
FN:11,(anonymous_11)
FN:18,(anonymous_12)
FN:22,(anonymous_14)
FN:26,(anonymous_16)
FN:30,(anonymous_18)
FNF:5
FNH:0
FNDA:0,(anonymous_11)
FNDA:0,(anonymous_12)
FNDA:0,(anonymous_14)
FNDA:0,(anonymous_16)
FNDA:0,(anonymous_18)
DA:1,0
DA:2,0
DA:5,0
DA:8,0
DA:9,0
DA:12,0
DA:15,0
DA:19,0
DA:23,0
DA:27,0
DA:31,0
LF:11
LH:0
BRF:0
BRH:0
end_of_record
TN:
SF:src/modules/users/validations/user.validation.ts
FNF:0
FNH:0
DA:1,0
DA:3,0
DA:9,0
DA:14,0
DA:19,0
LF:5
LH:0
BRF:0
BRH:0
end_of_record
TN:
SF:src/utils/logger.ts
FN:6,(anonymous_3)
FN:45,(anonymous_4)
FN:55,(anonymous_5)
FN:64,(anonymous_6)
FN:73,(anonymous_7)
FN:82,(anonymous_8)
FN:92,(anonymous_9)
FN:117,(anonymous_10)
FN:130,(anonymous_11)
FN:149,(anonymous_12)
FNF:10
FNH:2
FNDA:2,(anonymous_3)
FNDA:9,(anonymous_4)
FNDA:0,(anonymous_5)
FNDA:0,(anonymous_6)
FNDA:0,(anonymous_7)
FNDA:0,(anonymous_8)
FNDA:0,(anonymous_9)
FNDA:0,(anonymous_10)
FNDA:0,(anonymous_11)
FNDA:0,(anonymous_12)
DA:1,2
DA:6,2
DA:7,2
DA:8,2
DA:9,2
DA:10,2
DA:25,2
DA:36,2
DA:46,9
DA:47,9
DA:56,0
DA:65,0
DA:74,0
DA:83,0
DA:93,0
DA:94,0
DA:97,0
DA:98,0
DA:107,0
DA:108,0
DA:118,0
DA:119,0
DA:120,0
DA:122,0
DA:131,0
DA:132,0
DA:134,0
DA:135,0
DA:137,0
DA:138,0
DA:140,0
DA:150,0
DA:152,0
DA:154,0
DA:156,0
DA:159,0
DA:164,2
LF:37
LH:11
BRDA:6,0,0,2
BRDA:6,0,1,2
BRDA:26,1,0,2
BRDA:26,1,1,2
BRDA:28,2,0,2
BRDA:28,2,1,2
BRDA:45,3,0,0
BRDA:93,4,0,0
BRDA:107,5,0,0
BRDA:132,6,0,0
BRDA:132,6,1,0
BRDA:137,7,0,0
BRDA:137,7,1,0
BRDA:150,8,0,0
BRDA:150,8,1,0
BRDA:150,8,2,0
BRDA:150,8,3,0
BRDA:150,8,4,0
BRF:18
BRH:6
end_of_record
