TN:
SF:src/routes.ts
FNF:0
FNH:0
DA:2,0
DA:3,0
DA:6,0
DA:7,0
DA:8,0
DA:9,0
DA:10,0
DA:11,0
DA:14,0
DA:17,0
DA:20,0
DA:21,0
DA:24,0
DA:25,0
DA:28,0
DA:29,0
DA:32,0
DA:33,0
DA:36,0
DA:37,0
DA:39,0
LF:21
LH:0
BRF:0
BRH:0
end_of_record
TN:
SF:src/seed.ts
FN:8,(anonymous_16)
FN:15,(anonymous_17)
FN:19,main
FN:404,(anonymous_20)
FN:408,(anonymous_21)
FN:408,(anonymous_22)
FNF:6
FNH:0
FNDA:0,(anonymous_16)
FNDA:0,(anonymous_17)
FNDA:0,main
FNDA:0,(anonymous_20)
FNDA:0,(anonymous_21)
FNDA:0,(anonymous_22)
DA:1,0
DA:2,0
DA:3,0
DA:5,0
DA:8,0
DA:9,0
DA:10,0
DA:11,0
DA:15,0
DA:16,0
DA:20,0
DA:21,0
DA:24,0
DA:25,0
DA:26,0
DA:27,0
DA:28,0
DA:30,0
DA:40,0
DA:50,0
DA:60,0
DA:70,0
DA:80,0
DA:83,0
DA:84,0
DA:97,0
DA:110,0
DA:113,0
DA:114,0
DA:128,0
DA:142,0
DA:156,0
DA:159,0
DA:160,0
DA:169,0
DA:176,0
DA:183,0
DA:186,0
DA:189,0
DA:205,0
DA:221,0
DA:238,0
DA:254,0
DA:271,0
DA:287,0
DA:303,0
DA:306,0
DA:308,0
DA:322,0
DA:336,0
DA:350,0
DA:353,0
DA:355,0
DA:365,0
DA:375,0
DA:378,0
DA:386,0
DA:388,0
DA:389,0
DA:390,0
DA:391,0
DA:392,0
DA:393,0
DA:394,0
DA:397,0
DA:399,0
DA:403,0
DA:405,0
DA:406,0
DA:408,0
DA:409,0
LF:71
LH:0
BRF:0
BRH:0
end_of_record
TN:
SF:src/core/base/BaseController.ts
FN:8,(anonymous_12)
FN:13,(anonymous_13)
FN:29,(anonymous_15)
FN:59,(anonymous_17)
FN:68,(anonymous_19)
FN:78,(anonymous_21)
FNF:6
FNH:1
FNDA:6,(anonymous_12)
FNDA:0,(anonymous_13)
FNDA:0,(anonymous_15)
FNDA:0,(anonymous_17)
FNDA:0,(anonymous_19)
FNDA:0,(anonymous_21)
DA:2,1
DA:3,1
DA:4,1
DA:7,1
DA:9,6
DA:10,6
DA:14,0
DA:15,0
DA:16,0
DA:18,0
DA:19,0
DA:20,0
DA:23,0
DA:25,0
DA:30,0
DA:31,0
DA:32,0
DA:34,0
DA:43,0
DA:45,0
DA:55,0
DA:60,0
DA:61,0
DA:62,0
DA:64,0
DA:69,0
DA:70,0
DA:71,0
DA:72,0
DA:74,0
DA:79,0
DA:80,0
DA:81,0
DA:82,0
DA:84,0
LF:35
LH:6
BRDA:18,0,0,0
BRDA:31,1,0,0
BRDA:31,2,0,0
BRDA:31,3,0,0
BRDA:31,4,0,0
BRF:5
BRH:0
end_of_record
TN:
SF:src/core/base/BaseRepository.ts
FN:10,(anonymous_12)
FN:14,(anonymous_13)
FN:25,(anonymous_15)
FN:39,(anonymous_17)
FN:48,(anonymous_19)
FN:60,(anonymous_21)
FN:71,(anonymous_23)
FNF:7
FNH:1
FNDA:8,(anonymous_12)
FNDA:0,(anonymous_13)
FNDA:0,(anonymous_15)
FNDA:0,(anonymous_17)
FNDA:0,(anonymous_19)
FNDA:0,(anonymous_21)
FNDA:0,(anonymous_23)
DA:2,3
DA:3,3
DA:4,3
DA:6,3
DA:10,8
DA:11,8
DA:15,0
DA:16,0
DA:20,0
DA:21,0
DA:31,0
DA:32,0
DA:34,0
DA:35,0
DA:40,0
DA:41,0
DA:43,0
DA:44,0
DA:49,0
DA:50,0
DA:55,0
DA:56,0
DA:61,0
DA:62,0
DA:66,0
DA:67,0
DA:72,0
DA:73,0
DA:75,0
DA:76,0
LF:30
LH:6
BRF:0
BRH:0
end_of_record
TN:
SF:src/core/base/BaseRouter.ts
FN:27,(anonymous_3)
FN:54,(anonymous_4)
FN:62,(anonymous_5)
FN:72,(anonymous_6)
FNF:4
FNH:0
FNDA:0,(anonymous_3)
FNDA:0,(anonymous_4)
FNDA:0,(anonymous_5)
FNDA:0,(anonymous_6)
DA:2,0
DA:3,0
DA:4,0
DA:5,0
DA:6,0
DA:13,0
DA:34,0
DA:35,0
DA:38,0
DA:45,0
DA:47,0
DA:55,0
DA:63,0
DA:77,0
DA:78,0
DA:82,0
LF:16
LH:0
BRDA:32,0,0,0
BRF:1
BRH:0
end_of_record
TN:
SF:src/core/base/BaseService.ts
FN:15,(anonymous_8)
FN:27,(anonymous_9)
FN:43,(anonymous_11)
FN:62,(anonymous_13)
FN:85,(anonymous_15)
FN:116,(anonymous_17)
FN:141,(anonymous_19)
FN:155,(anonymous_21)
FN:181,(anonymous_23)
FN:192,(anonymous_24)
FN:211,(anonymous_25)
FN:221,(anonymous_27)
FN:234,(anonymous_29)
FNF:13
FNH:1
FNDA:11,(anonymous_8)
FNDA:0,(anonymous_9)
FNDA:0,(anonymous_11)
FNDA:0,(anonymous_13)
FNDA:0,(anonymous_15)
FNDA:0,(anonymous_17)
FNDA:0,(anonymous_19)
FNDA:0,(anonymous_21)
FNDA:0,(anonymous_23)
FNDA:0,(anonymous_24)
FNDA:0,(anonymous_25)
FNDA:0,(anonymous_27)
FNDA:0,(anonymous_29)
DA:2,2
DA:9,2
DA:11,2
DA:16,11
DA:18,11
DA:28,0
DA:30,0
DA:32,0
DA:33,0
DA:36,0
DA:49,0
DA:50,0
DA:52,0
DA:53,0
DA:63,0
DA:64,0
DA:67,0
DA:69,0
DA:71,0
DA:73,0
DA:74,0
DA:86,0
DA:88,0
DA:89,0
DA:92,0
DA:94,0
DA:97,0
DA:99,0
DA:101,0
DA:102,0
DA:105,0
DA:106,0
DA:117,0
DA:119,0
DA:121,0
DA:124,0
DA:126,0
DA:128,0
DA:129,0
DA:132,0
DA:133,0
DA:142,0
DA:143,0
DA:145,0
DA:146,0
DA:156,0
DA:157,0
DA:159,0
DA:160,0
DA:163,0
DA:165,0
DA:166,0
DA:169,0
DA:170,0
DA:182,0
DA:183,0
DA:194,0
DA:200,0
DA:204,0
LF:59
LH:5
BRDA:32,0,0,0
BRDA:63,1,0,0
BRDA:63,2,0,0
BRDA:63,2,1,0
BRDA:88,3,0,0
BRDA:88,4,0,0
BRDA:88,4,1,0
BRDA:101,5,0,0
BRDA:101,6,0,0
BRDA:101,6,1,0
BRDA:128,7,0,0
BRDA:128,8,0,0
BRDA:128,8,1,0
BRDA:159,9,0,0
BRDA:159,10,0,0
BRDA:159,10,1,0
BRDA:165,11,0,0
BRDA:182,12,0,0
BRDA:194,13,0,0
BRDA:195,14,0,0
BRDA:195,14,1,0
BRDA:195,14,2,0
BRDA:195,14,3,0
BRF:23
BRH:0
end_of_record
TN:
SF:src/core/base/RouteFactory.ts
FN:10,(anonymous_1)
FN:20,(anonymous_2)
FN:51,(anonymous_3)
FN:52,(anonymous_4)
FN:56,(anonymous_5)
FN:64,(anonymous_6)
FNF:6
FNH:0
FNDA:0,(anonymous_1)
FNDA:0,(anonymous_2)
FNDA:0,(anonymous_3)
FNDA:0,(anonymous_4)
FNDA:0,(anonymous_5)
FNDA:0,(anonymous_6)
DA:1,0
DA:3,0
DA:5,0
DA:7,0
DA:11,0
DA:12,0
DA:13,0
DA:14,0
DA:16,0
DA:17,0
DA:22,0
DA:23,0
DA:27,0
DA:30,0
DA:33,0
DA:40,0
DA:47,0
DA:52,0
DA:61,0
DA:65,0
LF:20
LH:0
BRDA:14,0,0,0
BRDA:22,1,0,0
BRDA:35,2,0,0
BRDA:35,2,1,0
BRDA:42,3,0,0
BRDA:42,3,1,0
BRF:6
BRH:0
end_of_record
TN:
SF:src/core/errors/AppError.ts
FN:4,(anonymous_1)
FN:18,(anonymous_2)
FN:28,(anonymous_3)
FN:38,(anonymous_4)
FN:48,(anonymous_5)
FN:61,(anonymous_6)
FN:71,(anonymous_7)
FNF:7
FNH:2
FNDA:0,(anonymous_1)
FNDA:8,(anonymous_2)
FNDA:0,(anonymous_3)
FNDA:0,(anonymous_4)
FNDA:3,(anonymous_5)
FNDA:0,(anonymous_6)
FNDA:0,(anonymous_7)
DA:1,3
DA:3,3
DA:5,0
DA:6,0
DA:7,0
DA:9,0
DA:10,0
DA:11,0
DA:15,3
DA:16,8
DA:19,8
DA:20,8
DA:21,8
DA:25,3
DA:26,0
DA:29,0
DA:30,0
DA:31,0
DA:35,3
DA:36,0
DA:39,0
DA:40,0
DA:41,0
DA:45,3
DA:46,3
DA:49,3
DA:52,3
DA:53,3
DA:54,3
DA:58,3
DA:59,0
DA:62,0
DA:63,0
DA:64,0
DA:68,3
DA:69,0
DA:72,0
DA:73,0
DA:74,0
LF:39
LH:17
BRDA:18,0,0,0
BRDA:28,1,0,0
BRDA:38,2,0,0
BRDA:49,3,0,3
BRDA:49,3,1,0
BRDA:61,4,0,0
BRDA:71,5,0,0
BRF:7
BRH:1
end_of_record
TN:
SF:src/core/middlewares/RequestValidation.middleware.ts
FN:8,(anonymous_1)
FN:9,(anonymous_2)
FN:15,(anonymous_3)
FNF:3
FNH:0
FNDA:0,(anonymous_1)
FNDA:0,(anonymous_2)
FNDA:0,(anonymous_3)
DA:3,0
DA:4,0
DA:5,0
DA:7,0
DA:8,0
DA:9,0
DA:10,0
DA:11,0
DA:13,0
DA:15,0
DA:20,0
DA:21,0
DA:22,0
DA:26,0
DA:27,0
DA:29,0
LF:16
LH:0
BRDA:13,0,0,0
BRDA:26,1,0,0
BRDA:26,1,1,0
BRF:3
BRH:0
end_of_record
TN:
SF:src/core/middlewares/auth.middleware.ts
FN:8,authMiddleware
FNF:1
FNH:0
FNDA:0,authMiddleware
DA:2,0
DA:4,0
DA:6,0
DA:8,0
DA:13,0
DA:14,0
DA:16,0
DA:17,0
DA:20,0
DA:21,0
DA:24,0
DA:29,0
DA:31,0
LF:13
LH:0
BRDA:14,0,0,0
BRDA:14,0,1,0
BRDA:14,1,0,0
BRDA:14,1,1,0
BRDA:16,2,0,0
BRF:5
BRH:0
end_of_record
TN:
SF:src/core/middlewares/errors.middleware.ts
FN:23,(anonymous_5)
FN:29,(anonymous_6)
FN:82,(anonymous_7)
FN:107,(anonymous_8)
FNF:4
FNH:0
FNDA:0,(anonymous_5)
FNDA:0,(anonymous_6)
FNDA:0,(anonymous_7)
FNDA:0,(anonymous_8)
DA:2,0
DA:3,0
DA:4,0
DA:5,0
DA:6,0
DA:7,0
DA:8,0
DA:20,0
DA:24,0
DA:26,0
DA:30,0
DA:38,0
DA:39,0
DA:40,0
DA:44,0
DA:46,0
DA:47,0
DA:50,0
DA:51,0
DA:54,0
DA:55,0
DA:58,0
DA:59,0
DA:62,0
DA:67,0
DA:70,0
DA:71,0
DA:74,0
DA:79,0
DA:82,0
DA:86,0
DA:91,0
DA:94,0
DA:95,0
DA:98,0
DA:103,0
DA:108,0
DA:110,0
DA:115,0
DA:118,0
DA:122,0
DA:125,0
DA:130,0
LF:43
LH:0
BRDA:38,0,0,0
BRDA:44,1,0,0
BRDA:44,1,1,0
BRDA:44,1,2,0
BRDA:44,1,3,0
BRDA:44,1,4,0
BRDA:44,1,5,0
BRDA:44,1,6,0
BRDA:44,1,7,0
BRDA:44,1,8,0
BRDA:44,1,9,0
BRDA:108,2,0,0
BRDA:108,2,1,0
BRDA:108,2,2,0
BRDA:112,3,0,0
BRDA:112,3,1,0
BRDA:112,4,0,0
BRDA:112,4,1,0
BRDA:112,5,0,0
BRDA:112,5,1,0
BRF:20
BRH:0
end_of_record
TN:
SF:src/core/middlewares/parseQueryParams.middleware.ts
FN:5,(anonymous_0)
FNF:1
FNH:0
FNDA:0,(anonymous_0)
DA:3,0
DA:5,0
DA:6,0
DA:13,0
DA:16,0
DA:17,0
DA:18,0
DA:19,0
DA:21,0
DA:30,0
DA:32,0
DA:36,0
LF:12
LH:0
BRDA:8,0,0,0
BRDA:9,1,0,0
BRDA:10,2,0,0
BRDA:11,3,0,0
BRDA:12,4,0,0
BRDA:16,5,0,0
BRDA:16,5,1,0
BRDA:17,6,0,0
BRDA:17,6,1,0
BRDA:19,7,0,0
BRDA:19,7,1,0
BRDA:19,8,0,0
BRDA:19,8,1,0
BRDA:25,9,0,0
BRDA:25,9,1,0
BRDA:26,10,0,0
BRDA:26,10,1,0
BRF:17
BRH:0
end_of_record
TN:
SF:src/core/middlewares/role.middleware.ts
FN:9,(anonymous_0)
FN:10,(anonymous_1)
FNF:2
FNH:0
FNDA:0,(anonymous_0)
FNDA:0,(anonymous_1)
DA:2,0
DA:9,0
DA:10,0
DA:11,0
DA:12,0
DA:14,0
DA:15,0
DA:25,0
DA:27,0
LF:9
LH:0
BRDA:14,0,0,0
BRF:1
BRH:0
end_of_record
TN:
SF:src/core/tripMetrics/tripMetrics.container.ts
FN:7,registerTripMetricsDependencies
FNF:1
FNH:0
FNDA:0,registerTripMetricsDependencies
DA:1,0
DA:2,0
DA:3,0
DA:7,0
DA:9,0
DA:10,0
DA:13,0
DA:14,0
LF:8
LH:0
BRF:0
BRH:0
end_of_record
TN:
SF:src/core/tripMetrics/tripMetrics.repository.ts
FN:12,(anonymous_12)
FN:22,(anonymous_13)
FN:54,(anonymous_15)
FN:81,(anonymous_17)
FNF:4
FNH:0
FNDA:0,(anonymous_12)
FNDA:0,(anonymous_13)
FNDA:0,(anonymous_15)
FNDA:0,(anonymous_17)
DA:1,0
DA:2,0
DA:5,0
DA:6,0
DA:9,0
DA:10,0
DA:13,0
DA:14,0
DA:23,0
DA:25,0
DA:27,0
DA:31,0
DA:32,0
DA:36,0
DA:41,0
DA:42,0
DA:44,0
DA:45,0
DA:55,0
DA:57,0
DA:59,0
DA:63,0
DA:64,0
DA:68,0
DA:69,0
DA:70,0
DA:74,0
DA:80,0
DA:81,0
DA:82,0
DA:83,0
DA:87,0
DA:90,0
DA:95,0
DA:97,0
DA:98,0
LF:36
LH:0
BRDA:31,0,0,0
BRDA:63,1,0,0
BRDA:68,2,0,0
BRDA:68,3,0,0
BRDA:68,3,1,0
BRDA:82,4,0,0
BRF:6
BRH:0
end_of_record
TN:
SF:src/core/tripMetrics/tripMetrics.service.ts
FN:13,(anonymous_11)
FN:25,(anonymous_12)
FN:45,(anonymous_14)
FNF:3
FNH:0
FNDA:0,(anonymous_11)
FNDA:0,(anonymous_12)
FNDA:0,(anonymous_14)
DA:1,0
DA:2,0
DA:5,0
DA:7,0
DA:10,0
DA:11,0
DA:14,0
DA:17,0
DA:26,0
DA:28,0
DA:29,0
DA:32,0
DA:33,0
DA:35,0
DA:36,0
DA:46,0
DA:48,0
DA:49,0
DA:52,0
DA:53,0
DA:55,0
DA:56,0
LF:22
LH:0
BRDA:28,0,0,0
BRDA:48,1,0,0
BRF:2
BRH:0
end_of_record
TN:
SF:src/core/utils/HttpStatusCode.ts
FN:1,(anonymous_0)
FNF:1
FNH:1
FNDA:3,(anonymous_0)
DA:1,3
DA:3,3
DA:4,3
DA:5,3
DA:6,3
DA:9,3
DA:10,3
DA:11,3
DA:12,3
DA:13,3
DA:14,3
DA:15,3
DA:16,3
DA:17,3
DA:18,3
DA:21,3
DA:22,3
DA:23,3
DA:24,3
DA:25,3
DA:26,3
DA:27,3
DA:28,3
DA:31,3
DA:32,3
DA:33,3
DA:34,3
DA:35,3
DA:36,3
DA:37,3
DA:38,3
DA:39,3
DA:40,3
DA:41,3
DA:42,3
DA:43,3
DA:44,3
DA:45,3
DA:46,3
DA:47,3
DA:48,3
DA:49,3
DA:50,3
DA:51,3
DA:52,3
DA:53,3
DA:54,3
DA:55,3
DA:56,3
DA:57,3
DA:58,3
DA:59,3
DA:62,3
DA:63,3
DA:64,3
DA:65,3
DA:66,3
DA:67,3
DA:68,3
DA:69,3
DA:70,3
DA:71,3
DA:72,3
DA:75,3
LF:64
LH:64
BRDA:1,0,0,3
BRDA:1,0,1,3
BRF:2
BRH:2
end_of_record
TN:
SF:src/core/utils/handlePrismaErrors.ts
FN:5,handlePrismaError
FNF:1
FNH:0
FNDA:0,handlePrismaError
DA:1,3
DA:2,3
DA:3,3
DA:5,3
DA:9,0
DA:11,0
DA:13,0
DA:14,0
DA:20,0
DA:21,0
DA:25,0
DA:26,0
DA:32,0
DA:33,0
DA:40,0
DA:46,0
DA:49,3
LF:17
LH:5
BRDA:11,0,0,0
BRDA:13,1,0,0
BRDA:15,2,0,0
BRDA:15,2,1,0
BRDA:15,3,0,0
BRDA:15,3,1,0
BRDA:15,4,0,0
BRDA:15,4,1,0
BRDA:20,5,0,0
BRDA:21,6,0,0
BRDA:21,6,1,0
BRDA:21,7,0,0
BRDA:21,7,1,0
BRDA:21,8,0,0
BRDA:21,8,1,0
BRDA:21,9,0,0
BRDA:21,9,1,0
BRDA:21,10,0,0
BRDA:21,10,1,0
BRDA:25,11,0,0
BRDA:27,12,0,0
BRDA:27,12,1,0
BRDA:27,13,0,0
BRDA:27,13,1,0
BRDA:27,14,0,0
BRDA:27,14,1,0
BRDA:32,15,0,0
BRDA:34,16,0,0
BRDA:34,16,1,0
BRDA:34,17,0,0
BRDA:34,17,1,0
BRDA:34,18,0,0
BRDA:34,18,1,0
BRDA:43,19,0,0
BRDA:43,19,1,0
BRDA:43,20,0,0
BRDA:43,20,1,0
BRDA:44,21,0,0
BRDA:44,21,1,0
BRDA:44,22,0,0
BRDA:44,22,1,0
BRF:41
BRH:0
end_of_record
TN:
SF:src/core/utils/jwt.utils.ts
FN:10,(anonymous_10)
FN:16,(anonymous_11)
FN:29,(anonymous_12)
FN:38,(anonymous_13)
FN:47,(anonymous_14)
FN:56,(anonymous_15)
FN:69,(anonymous_16)
FN:82,(anonymous_17)
FNF:8
FNH:0
FNDA:0,(anonymous_10)
FNDA:0,(anonymous_11)
FNDA:0,(anonymous_12)
FNDA:0,(anonymous_13)
FNDA:0,(anonymous_14)
FNDA:0,(anonymous_15)
FNDA:0,(anonymous_16)
FNDA:0,(anonymous_17)
DA:1,0
DA:5,0
DA:6,0
DA:10,0
DA:11,0
DA:12,0
DA:13,0
DA:14,0
DA:21,0
DA:22,0
DA:30,0
DA:31,0
DA:39,0
DA:40,0
DA:41,0
DA:43,0
DA:48,0
DA:49,0
DA:50,0
DA:52,0
DA:57,0
DA:58,0
DA:63,0
DA:65,0
DA:70,0
DA:71,0
DA:76,0
DA:78,0
DA:83,0
DA:84,0
DA:88,0
DA:90,0
LF:32
LH:0
BRDA:11,0,0,0
BRDA:11,0,1,0
BRDA:11,1,0,0
BRDA:11,1,1,0
BRDA:12,2,0,0
BRDA:12,2,1,0
BRDA:13,3,0,0
BRDA:13,3,1,0
BRDA:13,4,0,0
BRDA:13,4,1,0
BRDA:14,5,0,0
BRDA:14,5,1,0
BRF:12
BRH:0
end_of_record
TN:
SF:src/core/utils/response.utils.ts
FN:23,(anonymous_2)
FN:32,(anonymous_3)
FN:41,(anonymous_4)
FN:50,(anonymous_5)
FN:59,(anonymous_6)
FN:75,(anonymous_7)
FN:84,(anonymous_8)
FN:93,(anonymous_9)
FNF:8
FNH:0
FNDA:0,(anonymous_2)
FNDA:0,(anonymous_3)
FNDA:0,(anonymous_4)
FNDA:0,(anonymous_5)
FNDA:0,(anonymous_6)
FNDA:0,(anonymous_7)
FNDA:0,(anonymous_8)
FNDA:0,(anonymous_9)
DA:1,1
DA:3,1
DA:21,1
DA:28,0
DA:37,0
DA:46,0
DA:55,0
DA:65,0
DA:80,0
DA:89,0
DA:98,0
DA:102,1
LF:12
LH:4
BRDA:26,0,0,0
BRDA:34,1,0,0
BRDA:35,2,0,0
BRDA:44,3,0,0
BRDA:53,4,0,0
BRDA:63,5,0,0
BRDA:77,6,0,0
BRDA:78,7,0,0
BRDA:86,8,0,0
BRDA:87,9,0,0
BRDA:96,10,0,0
BRF:11
BRH:0
end_of_record
TN:
SF:src/modules/auth/auth.container.ts
FN:25,(anonymous_1)
FNF:1
FNH:0
FNDA:0,(anonymous_1)
DA:1,0
DA:2,0
DA:3,0
DA:4,0
DA:9,0
DA:14,0
DA:19,0
DA:25,0
LF:8
LH:0
BRF:0
BRH:0
end_of_record
TN:
SF:src/modules/auth/auth.controller.ts
FN:10,(anonymous_12)
FN:15,(anonymous_13)
FN:29,(anonymous_15)
FN:43,(anonymous_17)
FN:64,(anonymous_19)
FNF:5
FNH:0
FNDA:0,(anonymous_12)
FNDA:0,(anonymous_13)
FNDA:0,(anonymous_15)
FNDA:0,(anonymous_17)
FNDA:0,(anonymous_19)
DA:2,0
DA:4,0
DA:6,0
DA:9,0
DA:11,0
DA:12,0
DA:16,0
DA:17,0
DA:18,0
DA:19,0
DA:20,0
DA:21,0
DA:22,0
DA:24,0
DA:25,0
DA:30,0
DA:31,0
DA:32,0
DA:33,0
DA:34,0
DA:35,0
DA:36,0
DA:38,0
DA:39,0
DA:44,0
DA:45,0
DA:46,0
DA:47,0
DA:49,0
DA:50,0
DA:51,0
DA:54,0
DA:55,0
DA:56,0
DA:57,0
DA:59,0
DA:60,0
DA:65,0
DA:66,0
DA:67,0
DA:68,0
DA:70,0
DA:71,0
DA:72,0
DA:75,0
DA:76,0
DA:77,0
DA:78,0
DA:80,0
DA:81,0
LF:50
LH:0
BRDA:49,0,0,0
BRDA:67,1,0,0
BRDA:67,1,1,0
BRDA:67,2,0,0
BRDA:67,2,1,0
BRDA:70,3,0,0
BRF:6
BRH:0
end_of_record
TN:
SF:src/modules/auth/auth.routes.ts
FN:15,(anonymous_1)
FN:21,(anonymous_2)
FN:26,(anonymous_3)
FN:33,(anonymous_4)
FNF:4
FNH:0
FNDA:0,(anonymous_1)
FNDA:0,(anonymous_2)
FNDA:0,(anonymous_3)
FNDA:0,(anonymous_4)
DA:1,0
DA:2,0
DA:3,0
DA:4,0
DA:5,0
DA:6,0
DA:8,0
DA:9,0
DA:12,0
DA:15,0
DA:18,0
DA:21,0
DA:24,0
DA:26,0
DA:30,0
DA:33,0
DA:36,0
LF:17
LH:0
BRF:0
BRH:0
end_of_record
TN:
SF:src/modules/auth/auth.service.ts
FN:17,(anonymous_12)
FN:23,(anonymous_13)
FN:77,(anonymous_15)
FN:135,(anonymous_17)
FN:208,(anonymous_19)
FNF:5
FNH:0
FNDA:0,(anonymous_12)
FNDA:0,(anonymous_13)
FNDA:0,(anonymous_15)
FNDA:0,(anonymous_17)
FNDA:0,(anonymous_19)
DA:1,0
DA:2,0
DA:6,0
DA:8,0
DA:16,0
DA:18,0
DA:19,0
DA:20,0
DA:24,0
DA:25,0
DA:26,0
DA:27,0
DA:29,0
DA:31,0
DA:32,0
DA:33,0
DA:35,0
DA:36,0
DA:41,0
DA:43,0
DA:44,0
DA:49,0
DA:50,0
DA:52,0
DA:53,0
DA:55,0
DA:56,0
DA:61,0
DA:63,0
DA:65,0
DA:67,0
DA:68,0
DA:69,0
DA:70,0
DA:72,0
DA:73,0
DA:78,0
DA:79,0
DA:80,0
DA:81,0
DA:82,0
DA:84,0
DA:86,0
DA:87,0
DA:88,0
DA:92,0
DA:94,0
DA:96,0
DA:97,0
DA:102,0
DA:103,0
DA:105,0
DA:106,0
DA:108,0
DA:109,0
DA:114,0
DA:116,0
DA:118,0
DA:120,0
DA:121,0
DA:122,0
DA:123,0
DA:125,0
DA:129,0
DA:131,0
DA:136,0
DA:137,0
DA:138,0
DA:139,0
DA:140,0
DA:142,0
DA:144,0
DA:145,0
DA:147,0
DA:152,0
DA:157,0
DA:160,0
DA:161,0
DA:162,0
DA:164,0
DA:166,0
DA:167,0
DA:172,0
DA:176,0
DA:178,0
DA:179,0
DA:181,0
DA:182,0
DA:187,0
DA:189,0
DA:191,0
DA:193,0
DA:194,0
DA:195,0
DA:196,0
DA:198,0
DA:202,0
DA:204,0
DA:209,0
DA:210,0
DA:211,0
DA:212,0
DA:213,0
DA:215,0
DA:216,0
DA:217,0
DA:219,0
DA:221,0
DA:222,0
DA:223,0
DA:224,0
DA:226,0
DA:227,0
DA:229,0
LF:114
LH:0
BRDA:27,0,0,0
BRDA:27,0,1,0
BRDA:29,1,0,0
BRDA:47,2,0,0
BRDA:47,2,1,0
BRDA:67,3,0,0
BRDA:67,4,0,0
BRDA:67,4,1,0
BRDA:67,4,2,0
BRDA:72,5,0,0
BRDA:82,6,0,0
BRDA:82,6,1,0
BRDA:84,7,0,0
BRDA:90,8,0,0
BRDA:90,8,1,0
BRDA:92,9,0,0
BRDA:92,9,1,0
BRDA:94,10,0,0
BRDA:100,11,0,0
BRDA:100,11,1,0
BRDA:120,12,0,0
BRDA:120,13,0,0
BRDA:120,13,1,0
BRDA:120,13,2,0
BRDA:125,14,0,0
BRDA:126,15,0,0
BRDA:126,15,1,0
BRDA:145,16,0,0
BRDA:145,16,1,0
BRDA:147,17,0,0
BRDA:148,18,0,0
BRDA:148,18,1,0
BRDA:148,18,2,0
BRDA:154,19,0,0
BRDA:154,19,1,0
BRDA:155,20,0,0
BRDA:155,20,1,0
BRDA:162,21,0,0
BRDA:162,21,1,0
BRDA:164,22,0,0
BRDA:170,23,0,0
BRDA:170,23,1,0
BRDA:193,24,0,0
BRDA:193,25,0,0
BRDA:193,25,1,0
BRDA:193,25,2,0
BRDA:198,26,0,0
BRDA:199,27,0,0
BRDA:199,27,1,0
BRDA:221,28,0,0
BRDA:221,29,0,0
BRDA:221,29,1,0
BRDA:221,29,2,0
BRDA:226,30,0,0
BRF:54
BRH:0
end_of_record
TN:
SF:src/modules/auth/refreshToken.repository.ts
FN:11,(anonymous_12)
FN:18,(anonymous_13)
FN:67,(anonymous_15)
FN:77,(anonymous_17)
FN:87,(anonymous_19)
FN:109,(anonymous_21)
FNF:6
FNH:0
FNDA:0,(anonymous_12)
FNDA:0,(anonymous_13)
FNDA:0,(anonymous_15)
FNDA:0,(anonymous_17)
FNDA:0,(anonymous_19)
FNDA:0,(anonymous_21)
DA:2,0
DA:4,0
DA:5,0
DA:8,0
DA:9,0
DA:12,0
DA:23,0
DA:28,0
DA:29,0
DA:30,0
DA:31,0
DA:33,0
DA:34,0
DA:35,0
DA:39,0
DA:43,0
DA:45,0
DA:54,0
DA:63,0
DA:68,0
DA:69,0
DA:73,0
DA:78,0
DA:79,0
DA:83,0
DA:88,0
DA:89,0
DA:93,0
DA:94,0
DA:97,0
DA:105,0
DA:110,0
DA:111,0
DA:115,0
DA:116,0
DA:119,0
DA:123,0
LF:37
LH:0
BRDA:28,0,0,0
BRDA:28,0,1,0
BRDA:43,1,0,0
BRDA:43,1,1,0
BRDA:93,2,0,0
BRDA:115,3,0,0
BRF:6
BRH:0
end_of_record
TN:
SF:src/modules/component/component.container.ts
FN:7,registerComponentDependencies
FNF:1
FNH:0
FNDA:0,registerComponentDependencies
DA:1,0
DA:2,0
DA:3,0
DA:4,0
DA:5,0
DA:7,0
DA:9,0
DA:10,0
DA:13,0
DA:14,0
DA:15,0
DA:16,0
LF:12
LH:0
BRF:0
BRH:0
end_of_record
TN:
SF:src/modules/component/component.controller.ts
FN:12,(anonymous_13)
FN:23,(anonymous_14)
FN:23,(anonymous_15)
FN:50,(anonymous_16)
FN:50,(anonymous_17)
FN:64,(anonymous_18)
FN:64,(anonymous_19)
FN:79,(anonymous_20)
FN:79,(anonymous_21)
FN:95,(anonymous_22)
FN:95,(anonymous_23)
FN:110,(anonymous_24)
FN:110,(anonymous_25)
FN:125,(anonymous_26)
FN:125,(anonymous_27)
FN:140,(anonymous_28)
FN:140,(anonymous_29)
FNF:17
FNH:0
FNDA:0,(anonymous_13)
FNDA:0,(anonymous_14)
FNDA:0,(anonymous_15)
FNDA:0,(anonymous_16)
FNDA:0,(anonymous_17)
FNDA:0,(anonymous_18)
FNDA:0,(anonymous_19)
FNDA:0,(anonymous_20)
FNDA:0,(anonymous_21)
FNDA:0,(anonymous_22)
FNDA:0,(anonymous_23)
FNDA:0,(anonymous_24)
FNDA:0,(anonymous_25)
FNDA:0,(anonymous_26)
FNDA:0,(anonymous_27)
FNDA:0,(anonymous_28)
FNDA:0,(anonymous_29)
DA:2,0
DA:3,0
DA:4,0
DA:5,0
DA:7,0
DA:11,0
DA:13,0
DA:14,0
DA:17,0
DA:23,0
DA:24,0
DA:25,0
DA:27,0
DA:29,0
DA:30,0
DA:31,0
DA:32,0
DA:33,0
DA:35,0
DA:36,0
DA:39,0
DA:41,0
DA:43,0
DA:50,0
DA:51,0
DA:52,0
DA:53,0
DA:55,0
DA:57,0
DA:64,0
DA:65,0
DA:66,0
DA:68,0
DA:70,0
DA:72,0
DA:79,0
DA:80,0
DA:81,0
DA:82,0
DA:84,0
DA:86,0
DA:88,0
DA:95,0
DA:96,0
DA:97,0
DA:99,0
DA:101,0
DA:103,0
DA:110,0
DA:111,0
DA:112,0
DA:114,0
DA:116,0
DA:118,0
DA:125,0
DA:126,0
DA:127,0
DA:129,0
DA:131,0
DA:133,0
DA:140,0
DA:141,0
DA:142,0
DA:143,0
DA:145,0
DA:146,0
DA:149,0
DA:151,0
DA:153,0
LF:69
LH:0
BRDA:29,0,0,0
BRDA:30,1,0,0
BRDA:31,2,0,0
BRDA:33,3,0,0
BRDA:33,3,1,0
BRDA:35,4,0,0
BRDA:145,5,0,0
BRF:7
BRH:0
end_of_record
TN:
SF:src/modules/component/component.repository.ts
FN:11,(anonymous_12)
FN:15,(anonymous_13)
FN:26,(anonymous_15)
FN:40,(anonymous_17)
FNF:4
FNH:0
FNDA:0,(anonymous_12)
FNDA:0,(anonymous_13)
FNDA:0,(anonymous_15)
FNDA:0,(anonymous_17)
DA:1,0
DA:2,0
DA:4,0
DA:5,0
DA:8,0
DA:9,0
DA:12,0
DA:17,0
DA:18,0
DA:19,0
DA:23,0
DA:28,0
DA:29,0
DA:30,0
DA:34,0
DA:42,0
DA:43,0
DA:44,0
DA:48,0
LF:19
LH:0
BRDA:18,0,0,0
BRDA:29,1,0,0
BRDA:43,2,0,0
BRF:3
BRH:0
end_of_record
TN:
SF:src/modules/component/component.routes.ts
FN:12,(anonymous_5)
FN:19,(anonymous_6)
FN:81,(anonymous_7)
FNF:3
FNH:0
FNDA:0,(anonymous_5)
FNDA:0,(anonymous_6)
FNDA:0,(anonymous_7)
DA:1,0
DA:2,0
DA:3,0
DA:4,0
DA:6,0
DA:9,0
DA:13,0
DA:15,0
DA:16,0
DA:21,0
DA:28,0
DA:35,0
DA:43,0
DA:51,0
DA:59,0
DA:66,0
DA:73,0
DA:82,0
LF:18
LH:0
BRF:0
BRH:0
end_of_record
TN:
SF:src/modules/component/component.service.ts
FN:13,(anonymous_11)
FN:22,(anonymous_12)
FN:35,(anonymous_14)
FN:48,(anonymous_16)
FN:66,(anonymous_18)
FNF:5
FNH:0
FNDA:0,(anonymous_11)
FNDA:0,(anonymous_12)
FNDA:0,(anonymous_14)
FNDA:0,(anonymous_16)
FNDA:0,(anonymous_18)
DA:1,0
DA:2,0
DA:6,0
DA:7,0
DA:10,0
DA:11,0
DA:14,0
DA:17,0
DA:23,0
DA:24,0
DA:27,0
DA:28,0
DA:30,0
DA:31,0
DA:36,0
DA:37,0
DA:40,0
DA:41,0
DA:43,0
DA:44,0
DA:49,0
DA:50,0
DA:53,0
DA:54,0
DA:57,0
DA:58,0
DA:60,0
DA:61,0
DA:67,0
DA:68,0
DA:71,0
DA:72,0
DA:75,0
DA:76,0
DA:79,0
DA:80,0
DA:84,0
DA:85,0
DA:89,0
DA:90,0
LF:40
LH:0
BRDA:23,0,0,0
BRDA:36,1,0,0
BRDA:49,2,0,0
BRDA:53,3,0,0
BRDA:67,4,0,0
BRDA:71,5,0,0
BRDA:75,6,0,0
BRDA:79,7,0,0
BRDA:79,8,0,0
BRDA:79,8,1,0
BRDA:89,9,0,0
BRF:11
BRH:0
end_of_record
TN:
SF:src/modules/driver/driver.container.ts
FN:7,registerDriverDependencies
FNF:1
FNH:0
FNDA:0,registerDriverDependencies
DA:1,0
DA:2,0
DA:3,0
DA:4,0
DA:5,0
DA:7,0
DA:9,0
DA:10,0
DA:13,0
DA:14,0
DA:15,0
DA:16,0
LF:12
LH:0
BRF:0
BRH:0
end_of_record
TN:
SF:src/modules/driver/driver.controller.ts
FN:13,(anonymous_12)
FN:21,(anonymous_13)
FN:43,(anonymous_15)
FN:70,(anonymous_17)
FN:87,(anonymous_19)
FNF:5
FNH:0
FNDA:0,(anonymous_12)
FNDA:0,(anonymous_13)
FNDA:0,(anonymous_15)
FNDA:0,(anonymous_17)
FNDA:0,(anonymous_19)
DA:2,0
DA:3,0
DA:4,0
DA:5,0
DA:8,0
DA:12,0
DA:14,0
DA:15,0
DA:18,0
DA:22,0
DA:23,0
DA:24,0
DA:25,0
DA:27,0
DA:35,0
DA:36,0
DA:38,0
DA:39,0
DA:44,0
DA:45,0
DA:46,0
DA:47,0
DA:49,0
DA:50,0
DA:51,0
DA:54,0
DA:55,0
DA:57,0
DA:58,0
DA:59,0
DA:62,0
DA:63,0
DA:65,0
DA:66,0
DA:71,0
DA:72,0
DA:73,0
DA:74,0
DA:75,0
DA:77,0
DA:79,0
DA:80,0
DA:82,0
DA:83,0
DA:88,0
DA:89,0
DA:90,0
DA:91,0
DA:92,0
DA:95,0
DA:96,0
DA:97,0
DA:99,0
DA:100,0
DA:101,0
DA:104,0
DA:105,0
DA:106,0
DA:109,0
DA:114,0
DA:115,0
DA:117,0
DA:118,0
LF:63
LH:0
BRDA:46,0,0,0
BRDA:46,0,1,0
BRDA:46,1,0,0
BRDA:46,1,1,0
BRDA:46,2,0,0
BRDA:46,2,1,0
BRDA:49,3,0,0
BRDA:57,4,0,0
BRDA:90,5,0,0
BRDA:90,6,0,0
BRDA:90,6,1,0
BRDA:90,7,0,0
BRDA:90,7,1,0
BRDA:99,8,0,0
BRF:14
BRH:0
end_of_record
TN:
SF:src/modules/driver/driver.repository.ts
FN:12,(anonymous_12)
FN:17,(anonymous_13)
FN:37,(anonymous_15)
FN:57,(anonymous_17)
FN:99,(anonymous_19)
FN:130,(anonymous_21)
FNF:6
FNH:0
FNDA:0,(anonymous_12)
FNDA:0,(anonymous_13)
FNDA:0,(anonymous_15)
FNDA:0,(anonymous_17)
FNDA:0,(anonymous_19)
FNDA:0,(anonymous_21)
DA:1,0
DA:2,0
DA:5,0
DA:6,0
DA:9,0
DA:10,0
DA:13,0
DA:14,0
DA:18,0
DA:19,0
DA:20,0
DA:23,0
DA:24,0
DA:26,0
DA:28,0
DA:29,0
DA:30,0
DA:31,0
DA:33,0
DA:38,0
DA:39,0
DA:40,0
DA:43,0
DA:44,0
DA:46,0
DA:48,0
DA:49,0
DA:50,0
DA:51,0
DA:53,0
DA:64,0
DA:65,0
DA:66,0
DA:74,0
DA:85,0
DA:86,0
DA:88,0
DA:90,0
DA:91,0
DA:92,0
DA:93,0
DA:95,0
DA:100,0
DA:101,0
DA:102,0
DA:103,0
DA:105,0
DA:106,0
DA:107,0
DA:110,0
DA:111,0
DA:116,0
DA:117,0
DA:119,0
DA:121,0
DA:122,0
DA:123,0
DA:124,0
DA:126,0
DA:131,0
DA:132,0
DA:134,0
DA:135,0
DA:140,0
DA:141,0
DA:143,0
DA:145,0
DA:146,0
DA:147,0
DA:148,0
DA:150,0
LF:71
LH:0
BRDA:28,0,0,0
BRDA:28,1,0,0
BRDA:28,1,1,0
BRDA:28,1,2,0
BRDA:48,2,0,0
BRDA:48,3,0,0
BRDA:48,3,1,0
BRDA:48,3,2,0
BRDA:90,4,0,0
BRDA:90,5,0,0
BRDA:90,5,1,0
BRDA:90,5,2,0
BRDA:105,6,0,0
BRDA:121,7,0,0
BRDA:121,8,0,0
BRDA:121,8,1,0
BRDA:121,8,2,0
BRDA:145,9,0,0
BRDA:145,10,0,0
BRDA:145,10,1,0
BRDA:145,10,2,0
BRF:21
BRH:0
end_of_record
TN:
SF:src/modules/driver/driver.routes.ts
FN:13,(anonymous_3)
FN:20,(anonymous_4)
FN:28,(anonymous_5)
FN:34,(anonymous_6)
FN:40,(anonymous_7)
FN:46,(anonymous_8)
FN:52,(anonymous_9)
FN:59,(anonymous_10)
FN:66,(anonymous_11)
FN:72,(anonymous_12)
FN:76,(anonymous_13)
FNF:11
FNH:0
FNDA:0,(anonymous_3)
FNDA:0,(anonymous_4)
FNDA:0,(anonymous_5)
FNDA:0,(anonymous_6)
FNDA:0,(anonymous_7)
FNDA:0,(anonymous_8)
FNDA:0,(anonymous_9)
FNDA:0,(anonymous_10)
FNDA:0,(anonymous_11)
FNDA:0,(anonymous_12)
FNDA:0,(anonymous_13)
DA:1,0
DA:2,0
DA:3,0
DA:5,0
DA:6,0
DA:7,0
DA:10,0
DA:14,0
DA:16,0
DA:17,0
DA:24,0
DA:28,0
DA:31,0
DA:34,0
DA:37,0
DA:40,0
DA:43,0
DA:46,0
DA:49,0
DA:52,0
DA:55,0
DA:59,0
DA:62,0
DA:66,0
DA:69,0
DA:72,0
DA:77,0
LF:27
LH:0
BRF:0
BRH:0
end_of_record
TN:
SF:src/modules/driver/driver.service.ts
FN:13,(anonymous_11)
FN:22,(anonymous_12)
FN:29,(anonymous_14)
FN:54,(anonymous_16)
FN:73,(anonymous_18)
FNF:5
FNH:0
FNDA:0,(anonymous_11)
FNDA:0,(anonymous_12)
FNDA:0,(anonymous_14)
FNDA:0,(anonymous_16)
FNDA:0,(anonymous_18)
DA:1,0
DA:2,0
DA:6,0
DA:7,0
DA:10,0
DA:11,0
DA:14,0
DA:17,0
DA:23,0
DA:24,0
DA:25,0
DA:26,0
DA:36,0
DA:39,0
DA:40,0
DA:42,0
DA:43,0
DA:44,0
DA:47,0
DA:48,0
DA:49,0
DA:51,0
DA:55,0
DA:56,0
DA:58,0
DA:59,0
DA:61,0
DA:62,0
DA:63,0
DA:66,0
DA:67,0
DA:68,0
DA:70,0
DA:74,0
DA:76,0
DA:77,0
DA:78,0
DA:81,0
DA:82,0
DA:83,0
DA:85,0
LF:41
LH:0
BRDA:42,0,0,0
BRDA:61,1,0,0
BRDA:76,2,0,0
BRDA:76,3,0,0
BRDA:76,3,1,0
BRF:5
BRH:0
end_of_record
TN:
SF:src/modules/driver/validations/driver.validation.ts
FN:7,(anonymous_0)
FN:16,(anonymous_1)
FNF:2
FNH:0
FNDA:0,(anonymous_0)
FNDA:0,(anonymous_1)
DA:1,0
DA:3,0
DA:7,0
DA:13,0
DA:16,0
DA:23,0
LF:6
LH:0
BRF:0
BRH:0
end_of_record
TN:
SF:src/modules/trip/trip.container.ts
FN:9,registerTripDependencies
FNF:1
FNH:0
FNDA:0,registerTripDependencies
DA:1,0
DA:2,0
DA:3,0
DA:4,0
DA:5,0
DA:9,0
DA:11,0
DA:12,0
DA:15,0
DA:16,0
DA:17,0
DA:18,0
LF:12
LH:0
BRF:0
BRH:0
end_of_record
TN:
SF:src/modules/trip/trip.controller.ts
FN:13,(anonymous_5)
FN:20,(anonymous_6)
FN:27,(anonymous_7)
FN:31,(anonymous_8)
FN:42,(anonymous_9)
FN:50,(anonymous_10)
FN:54,(anonymous_11)
FN:65,(anonymous_12)
FN:72,(anonymous_13)
FN:76,(anonymous_14)
FN:87,(anonymous_15)
FN:94,(anonymous_16)
FN:98,(anonymous_17)
FNF:13
FNH:11
FNDA:6,(anonymous_5)
FNDA:2,(anonymous_6)
FNDA:1,(anonymous_7)
FNDA:1,(anonymous_8)
FNDA:2,(anonymous_9)
FNDA:1,(anonymous_10)
FNDA:1,(anonymous_11)
FNDA:1,(anonymous_12)
FNDA:1,(anonymous_13)
FNDA:0,(anonymous_14)
FNDA:1,(anonymous_15)
FNDA:1,(anonymous_16)
FNDA:0,(anonymous_17)
DA:2,1
DA:3,1
DA:4,1
DA:5,1
DA:12,1
DA:14,6
DA:17,6
DA:21,2
DA:22,2
DA:23,2
DA:24,2
DA:26,2
DA:28,1
DA:29,1
DA:32,1
DA:33,1
DA:36,0
DA:37,0
DA:38,0
DA:43,2
DA:44,2
DA:45,2
DA:46,2
DA:47,2
DA:49,2
DA:51,1
DA:52,1
DA:55,1
DA:56,1
DA:59,0
DA:60,0
DA:61,0
DA:66,1
DA:67,1
DA:68,1
DA:69,1
DA:71,1
DA:73,1
DA:74,1
DA:77,0
DA:78,0
DA:81,0
DA:82,0
DA:83,0
DA:88,1
DA:89,1
DA:90,1
DA:91,1
DA:93,1
DA:95,1
DA:96,1
DA:99,0
DA:100,0
DA:103,0
DA:104,0
DA:105,0
LF:56
LH:40
BRF:0
BRH:0
end_of_record
TN:
SF:src/modules/trip/trip.repository.ts
FN:12,(anonymous_12)
FN:17,(anonymous_13)
FN:60,(anonymous_15)
FN:102,(anonymous_17)
FN:128,(anonymous_19)
FNF:5
FNH:3
FNDA:8,(anonymous_12)
FNDA:4,(anonymous_13)
FNDA:4,(anonymous_15)
FNDA:0,(anonymous_17)
FNDA:0,(anonymous_19)
DA:1,3
DA:2,3
DA:5,3
DA:6,3
DA:9,3
DA:10,8
DA:13,8
DA:14,8
DA:18,4
DA:20,4
DA:22,4
DA:26,4
DA:27,1
DA:31,3
DA:35,3
DA:36,1
DA:40,2
DA:52,2
DA:53,2
DA:55,2
DA:56,2
DA:61,4
DA:63,4
DA:65,4
DA:69,4
DA:70,1
DA:73,3
DA:74,1
DA:78,2
DA:79,2
DA:82,2
DA:94,2
DA:95,2
DA:97,2
DA:98,2
DA:103,0
DA:105,0
DA:107,0
DA:111,0
DA:112,0
DA:116,0
DA:120,0
DA:121,0
DA:123,0
DA:124,0
DA:129,0
DA:131,0
DA:133,0
DA:137,0
DA:138,0
DA:142,0
DA:147,0
DA:148,0
DA:150,0
DA:151,0
LF:55
LH:35
BRDA:26,0,0,1
BRDA:35,1,0,1
BRDA:69,2,0,1
BRDA:73,3,0,1
BRDA:111,4,0,0
BRDA:137,5,0,0
BRF:6
BRH:4
end_of_record
TN:
SF:src/modules/trip/trip.routes.ts
FN:13,(anonymous_3)
FN:20,(anonymous_4)
FN:27,(anonymous_5)
FN:36,(anonymous_6)
FN:43,(anonymous_7)
FN:50,(anonymous_8)
FN:57,(anonymous_9)
FN:64,(anonymous_10)
FN:68,(anonymous_11)
FNF:9
FNH:0
FNDA:0,(anonymous_3)
FNDA:0,(anonymous_4)
FNDA:0,(anonymous_5)
FNDA:0,(anonymous_6)
FNDA:0,(anonymous_7)
FNDA:0,(anonymous_8)
FNDA:0,(anonymous_9)
FNDA:0,(anonymous_10)
FNDA:0,(anonymous_11)
DA:1,0
DA:2,0
DA:3,0
DA:4,0
DA:5,0
DA:6,0
DA:7,0
DA:10,0
DA:14,0
DA:16,0
DA:17,0
DA:22,0
DA:27,0
DA:31,0
DA:36,0
DA:40,0
DA:43,0
DA:47,0
DA:50,0
DA:54,0
DA:57,0
DA:61,0
DA:64,0
DA:69,0
LF:24
LH:0
BRF:0
BRH:0
end_of_record
TN:
SF:src/modules/trip/trip.service.ts
FN:14,(anonymous_11)
FN:21,(anonymous_12)
FN:44,(anonymous_14)
FN:63,(anonymous_16)
FN:78,(anonymous_18)
FN:97,(anonymous_20)
FNF:6
FNH:5
FNDA:11,(anonymous_11)
FNDA:4,(anonymous_12)
FNDA:3,(anonymous_14)
FNDA:2,(anonymous_16)
FNDA:2,(anonymous_18)
FNDA:0,(anonymous_20)
DA:1,2
DA:2,2
DA:6,2
DA:7,2
DA:11,2
DA:12,11
DA:15,11
DA:18,11
DA:22,4
DA:24,4
DA:25,1
DA:28,3
DA:29,1
DA:32,2
DA:33,1
DA:36,1
DA:37,1
DA:39,0
DA:40,0
DA:45,3
DA:47,3
DA:48,1
DA:51,2
DA:52,1
DA:55,1
DA:56,1
DA:58,0
DA:59,0
DA:64,2
DA:66,2
DA:67,1
DA:70,1
DA:71,1
DA:73,0
DA:74,0
DA:79,2
DA:81,2
DA:82,1
DA:85,1
DA:86,1
DA:88,0
DA:89,0
DA:103,0
DA:105,0
DA:106,0
DA:107,0
DA:110,0
DA:111,0
DA:114,0
DA:115,0
DA:120,0
DA:124,0
DA:126,0
DA:127,0
LF:54
LH:34
BRDA:24,0,0,1
BRDA:28,1,0,1
BRDA:32,2,0,1
BRDA:47,3,0,1
BRDA:51,4,0,1
BRDA:66,5,0,1
BRDA:81,6,0,1
BRDA:105,7,0,0
BRDA:105,8,0,0
BRDA:105,8,1,0
BRDA:105,9,0,0
BRDA:105,9,1,0
BRDA:105,10,0,0
BRDA:105,10,1,0
BRF:14
BRH:7
end_of_record
TN:
SF:src/modules/trip/validation/trip.validation.ts
FNF:0
FNH:0
DA:1,0
DA:3,0
DA:11,0
LF:3
LH:0
BRF:0
BRH:0
end_of_record
TN:
SF:src/modules/user/user.container.ts
FN:7,registerUserDependencies
FNF:1
FNH:0
FNDA:0,registerUserDependencies
DA:1,0
DA:2,0
DA:3,0
DA:4,0
DA:5,0
DA:7,0
DA:9,0
DA:12,0
DA:13,0
DA:14,0
DA:15,0
DA:18,0
DA:19,0
LF:13
LH:0
BRF:0
BRH:0
end_of_record
TN:
SF:src/modules/user/user.controller.ts
FN:10,(anonymous_12)
FN:17,(anonymous_13)
FNF:2
FNH:0
FNDA:0,(anonymous_12)
FNDA:0,(anonymous_13)
DA:2,0
DA:3,0
DA:4,0
DA:5,0
DA:9,0
DA:11,0
DA:14,0
DA:18,0
DA:19,0
DA:20,0
DA:21,0
DA:23,0
LF:12
LH:0
BRDA:19,0,0,0
BRDA:19,0,1,0
BRDA:19,1,0,0
BRDA:19,1,1,0
BRDA:19,2,0,0
BRDA:19,2,1,0
BRF:6
BRH:0
end_of_record
TN:
SF:src/modules/user/user.repository.ts
FN:11,(anonymous_12)
FN:16,(anonymous_13)
FN:34,(anonymous_15)
FN:52,(anonymous_17)
FN:96,(anonymous_19)
FN:117,(anonymous_21)
FNF:6
FNH:0
FNDA:0,(anonymous_12)
FNDA:0,(anonymous_13)
FNDA:0,(anonymous_15)
FNDA:0,(anonymous_17)
FNDA:0,(anonymous_19)
FNDA:0,(anonymous_21)
DA:1,0
DA:2,0
DA:4,0
DA:8,0
DA:9,0
DA:12,0
DA:13,0
DA:17,0
DA:18,0
DA:19,0
DA:20,0
DA:21,0
DA:23,0
DA:25,0
DA:26,0
DA:27,0
DA:28,0
DA:30,0
DA:35,0
DA:36,0
DA:37,0
DA:38,0
DA:39,0
DA:41,0
DA:43,0
DA:44,0
DA:45,0
DA:46,0
DA:48,0
DA:53,0
DA:54,0
DA:55,0
DA:62,0
DA:65,0
DA:66,0
DA:67,0
DA:69,0
DA:70,0
DA:77,0
DA:80,0
DA:85,0
DA:87,0
DA:88,0
DA:89,0
DA:90,0
DA:92,0
DA:97,0
DA:98,0
DA:99,0
DA:103,0
DA:104,0
DA:106,0
DA:108,0
DA:109,0
DA:110,0
DA:111,0
DA:113,0
DA:118,0
DA:119,0
DA:120,0
DA:124,0
DA:125,0
DA:127,0
DA:129,0
DA:130,0
DA:131,0
DA:132,0
DA:134,0
LF:68
LH:0
BRDA:25,0,0,0
BRDA:25,1,0,0
BRDA:25,1,1,0
BRDA:25,1,2,0
BRDA:43,2,0,0
BRDA:43,3,0,0
BRDA:43,3,1,0
BRDA:43,3,2,0
BRDA:58,4,0,0
BRDA:58,4,1,0
BRDA:65,5,0,0
BRDA:65,5,1,0
BRDA:87,6,0,0
BRDA:87,7,0,0
BRDA:87,7,1,0
BRDA:87,7,2,0
BRDA:108,8,0,0
BRDA:108,9,0,0
BRDA:108,9,1,0
BRDA:108,9,2,0
BRDA:129,10,0,0
BRDA:129,11,0,0
BRDA:129,11,1,0
BRDA:129,11,2,0
BRF:24
BRH:0
end_of_record
TN:
SF:src/modules/user/user.routes.ts
FN:13,(anonymous_3)
FN:21,(anonymous_4)
FN:25,(anonymous_5)
FN:30,(anonymous_6)
FN:35,(anonymous_7)
FNF:5
FNH:0
FNDA:0,(anonymous_3)
FNDA:0,(anonymous_4)
FNDA:0,(anonymous_5)
FNDA:0,(anonymous_6)
FNDA:0,(anonymous_7)
DA:1,0
DA:2,0
DA:3,0
DA:4,0
DA:6,0
DA:9,0
DA:14,0
DA:16,0
DA:17,0
DA:18,0
DA:23,0
DA:25,0
DA:28,0
DA:30,0
DA:36,0
LF:15
LH:0
BRF:0
BRH:0
end_of_record
TN:
SF:src/modules/user/user.service.ts
FN:11,(anonymous_11)
FN:18,(anonymous_12)
FN:22,(anonymous_14)
FN:26,(anonymous_16)
FN:30,(anonymous_18)
FNF:5
FNH:0
FNDA:0,(anonymous_11)
FNDA:0,(anonymous_12)
FNDA:0,(anonymous_14)
FNDA:0,(anonymous_16)
FNDA:0,(anonymous_18)
DA:1,0
DA:2,0
DA:5,0
DA:8,0
DA:9,0
DA:12,0
DA:15,0
DA:19,0
DA:23,0
DA:27,0
DA:31,0
LF:11
LH:0
BRF:0
BRH:0
end_of_record
TN:
SF:src/modules/users/validations/user.validation.ts
FNF:0
FNH:0
DA:1,0
DA:3,0
DA:9,0
DA:14,0
DA:19,0
LF:5
LH:0
BRF:0
BRH:0
end_of_record
TN:
SF:src/modules/vehicle/vehicle.container.ts
FN:7,registerVehicleDependencies
FNF:1
FNH:0
FNDA:0,registerVehicleDependencies
DA:1,0
DA:2,0
DA:3,0
DA:4,0
DA:5,0
DA:7,0
DA:9,0
DA:10,0
DA:13,0
DA:14,0
DA:15,0
DA:16,0
LF:12
LH:0
BRF:0
BRH:0
end_of_record
TN:
SF:src/modules/vehicle/vehicle.controller.ts
FN:12,(anonymous_13)
FN:23,(anonymous_14)
FN:23,(anonymous_15)
FN:50,(anonymous_16)
FN:50,(anonymous_17)
FN:64,(anonymous_18)
FN:64,(anonymous_19)
FN:79,(anonymous_20)
FN:79,(anonymous_21)
FN:95,(anonymous_22)
FN:95,(anonymous_23)
FN:110,(anonymous_24)
FN:110,(anonymous_25)
FN:125,(anonymous_26)
FN:125,(anonymous_27)
FN:145,(anonymous_28)
FN:145,(anonymous_29)
FNF:17
FNH:0
FNDA:0,(anonymous_13)
FNDA:0,(anonymous_14)
FNDA:0,(anonymous_15)
FNDA:0,(anonymous_16)
FNDA:0,(anonymous_17)
FNDA:0,(anonymous_18)
FNDA:0,(anonymous_19)
FNDA:0,(anonymous_20)
FNDA:0,(anonymous_21)
FNDA:0,(anonymous_22)
FNDA:0,(anonymous_23)
FNDA:0,(anonymous_24)
FNDA:0,(anonymous_25)
FNDA:0,(anonymous_26)
FNDA:0,(anonymous_27)
FNDA:0,(anonymous_28)
FNDA:0,(anonymous_29)
DA:2,0
DA:3,0
DA:4,0
DA:5,0
DA:7,0
DA:11,0
DA:13,0
DA:14,0
DA:17,0
DA:23,0
DA:24,0
DA:25,0
DA:27,0
DA:29,0
DA:30,0
DA:31,0
DA:32,0
DA:33,0
DA:35,0
DA:36,0
DA:39,0
DA:41,0
DA:43,0
DA:50,0
DA:51,0
DA:52,0
DA:53,0
DA:55,0
DA:57,0
DA:64,0
DA:65,0
DA:66,0
DA:68,0
DA:70,0
DA:72,0
DA:79,0
DA:80,0
DA:81,0
DA:82,0
DA:84,0
DA:86,0
DA:88,0
DA:95,0
DA:96,0
DA:97,0
DA:99,0
DA:101,0
DA:103,0
DA:110,0
DA:111,0
DA:112,0
DA:114,0
DA:116,0
DA:118,0
DA:125,0
DA:126,0
DA:127,0
DA:128,0
DA:130,0
DA:131,0
DA:134,0
DA:136,0
DA:138,0
DA:145,0
DA:146,0
DA:147,0
DA:149,0
DA:151,0
DA:153,0
LF:69
LH:0
BRDA:29,0,0,0
BRDA:30,1,0,0
BRDA:31,2,0,0
BRDA:33,3,0,0
BRDA:33,3,1,0
BRDA:35,4,0,0
BRDA:130,5,0,0
BRF:7
BRH:0
end_of_record
TN:
SF:src/modules/vehicle/vehicle.repository.ts
FN:11,(anonymous_12)
FN:15,(anonymous_13)
FN:28,(anonymous_15)
FN:52,(anonymous_17)
FN:66,(anonymous_19)
FNF:5
FNH:0
FNDA:0,(anonymous_12)
FNDA:0,(anonymous_13)
FNDA:0,(anonymous_15)
FNDA:0,(anonymous_17)
FNDA:0,(anonymous_19)
DA:1,0
DA:2,0
DA:4,0
DA:5,0
DA:8,0
DA:9,0
DA:12,0
DA:17,0
DA:18,0
DA:19,0
DA:23,0
DA:30,0
DA:31,0
DA:32,0
DA:36,0
DA:46,0
DA:54,0
DA:55,0
DA:56,0
DA:60,0
DA:67,0
DA:68,0
DA:70,0
DA:81,0
DA:82,0
DA:84,0
DA:86,0
DA:87,0
DA:88,0
DA:89,0
DA:91,0
LF:31
LH:0
BRDA:18,0,0,0
BRDA:31,1,0,0
BRDA:55,2,0,0
BRDA:86,3,0,0
BRDA:86,4,0,0
BRDA:86,4,1,0
BRDA:86,4,2,0
BRF:7
BRH:0
end_of_record
TN:
SF:src/modules/vehicle/vehicle.routes.ts
FN:12,(anonymous_5)
FN:19,(anonymous_6)
FN:81,(anonymous_7)
FNF:3
FNH:0
FNDA:0,(anonymous_5)
FNDA:0,(anonymous_6)
FNDA:0,(anonymous_7)
DA:1,0
DA:2,0
DA:3,0
DA:4,0
DA:6,0
DA:9,0
DA:13,0
DA:15,0
DA:16,0
DA:21,0
DA:28,0
DA:35,0
DA:43,0
DA:51,0
DA:59,0
DA:66,0
DA:74,0
DA:82,0
LF:18
LH:0
BRF:0
BRH:0
end_of_record
TN:
SF:src/modules/vehicle/vehicle.service.ts
FN:13,(anonymous_11)
FN:22,(anonymous_12)
FN:35,(anonymous_14)
FN:58,(anonymous_16)
FN:71,(anonymous_18)
FN:85,(anonymous_20)
FN:97,(anonymous_22)
FNF:7
FNH:0
FNDA:0,(anonymous_11)
FNDA:0,(anonymous_12)
FNDA:0,(anonymous_14)
FNDA:0,(anonymous_16)
FNDA:0,(anonymous_18)
FNDA:0,(anonymous_20)
FNDA:0,(anonymous_22)
DA:1,0
DA:2,0
DA:6,0
DA:7,0
DA:10,0
DA:11,0
DA:14,0
DA:17,0
DA:23,0
DA:24,0
DA:27,0
DA:28,0
DA:30,0
DA:31,0
DA:36,0
DA:37,0
DA:40,0
DA:41,0
DA:45,0
DA:46,0
DA:47,0
DA:50,0
DA:51,0
DA:53,0
DA:54,0
DA:59,0
DA:60,0
DA:63,0
DA:64,0
DA:66,0
DA:67,0
DA:72,0
DA:73,0
DA:76,0
DA:77,0
DA:79,0
DA:80,0
DA:86,0
DA:87,0
DA:90,0
DA:91,0
DA:95,0
DA:97,0
DA:99,0
DA:100,0
LF:45
LH:0
BRDA:23,0,0,0
BRDA:36,1,0,0
BRDA:40,2,0,0
BRDA:46,3,0,0
BRDA:59,4,0,0
BRDA:72,5,0,0
BRDA:86,6,0,0
BRDA:90,7,0,0
BRDA:97,8,0,0
BRDA:97,8,1,0
BRDA:99,9,0,0
BRF:11
BRH:0
end_of_record
TN:
SF:src/utils/logger.ts
FN:6,(anonymous_3)
FN:45,(anonymous_4)
FN:55,(anonymous_5)
FN:64,(anonymous_6)
FN:73,(anonymous_7)
FN:82,(anonymous_8)
FN:92,(anonymous_9)
FN:117,(anonymous_10)
FN:130,(anonymous_11)
FN:149,(anonymous_12)
FNF:10
FNH:2
FNDA:3,(anonymous_3)
FNDA:11,(anonymous_4)
FNDA:0,(anonymous_5)
FNDA:0,(anonymous_6)
FNDA:0,(anonymous_7)
FNDA:0,(anonymous_8)
FNDA:0,(anonymous_9)
FNDA:0,(anonymous_10)
FNDA:0,(anonymous_11)
FNDA:0,(anonymous_12)
DA:1,3
DA:6,3
DA:7,3
DA:8,3
DA:9,3
DA:10,3
DA:25,3
DA:36,3
DA:46,11
DA:47,11
DA:56,0
DA:65,0
DA:74,0
DA:83,0
DA:93,0
DA:94,0
DA:97,0
DA:98,0
DA:107,0
DA:108,0
DA:118,0
DA:119,0
DA:120,0
DA:122,0
DA:131,0
DA:132,0
DA:134,0
DA:135,0
DA:137,0
DA:138,0
DA:140,0
DA:150,0
DA:152,0
DA:154,0
DA:156,0
DA:159,0
DA:164,3
LF:37
LH:11
BRDA:6,0,0,3
BRDA:6,0,1,3
BRDA:26,1,0,3
BRDA:26,1,1,3
BRDA:28,2,0,3
BRDA:28,2,1,3
BRDA:45,3,0,0
BRDA:93,4,0,0
BRDA:107,5,0,0
BRDA:132,6,0,0
BRDA:132,6,1,0
BRDA:137,7,0,0
BRDA:137,7,1,0
BRDA:150,8,0,0
BRDA:150,8,1,0
BRDA:150,8,2,0
BRDA:150,8,3,0
BRDA:150,8,4,0
BRF:18
BRH:6
end_of_record
